ARM GAS  /tmp/ccQoL6vJ.s 			page 1


   1              		.syntax unified
   2              		.cpu cortex-m3
   3              		.fpu softvfp
   4              		.eabi_attribute 20, 1
   5              		.eabi_attribute 21, 1
   6              		.eabi_attribute 23, 3
   7              		.eabi_attribute 24, 1
   8              		.eabi_attribute 25, 1
   9              		.eabi_attribute 26, 1
  10              		.eabi_attribute 30, 1
  11              		.eabi_attribute 34, 1
  12              		.eabi_attribute 18, 4
  13              		.thumb
  14              		.syntax unified
  15              		.file	"main.c"
  16              		.text
  17              	.Ltext0:
  18              		.cfi_sections	.debug_frame
  19              		.section	.text.MX_DMA_Init,"ax",%progbits
  20              		.align	2
  21              		.thumb
  22              		.thumb_func
  24              	MX_DMA_Init:
  25              	.LFB75:
  26              		.file 1 "Src/main.c"
   1:Src/main.c    **** 
   2:Src/main.c    **** /**
   3:Src/main.c    ****   ******************************************************************************
   4:Src/main.c    ****   * @file           : main.c
   5:Src/main.c    ****   * @brief          : Main program body
   6:Src/main.c    ****   ******************************************************************************
   7:Src/main.c    ****   * This notice applies to any and all portions of this file
   8:Src/main.c    ****   * that are not between comment pairs USER CODE BEGIN and
   9:Src/main.c    ****   * USER CODE END. Other portions of this file, whether 
  10:Src/main.c    ****   * inserted by the user or by software development tools
  11:Src/main.c    ****   * are owned by their respective copyright owners.
  12:Src/main.c    ****   *
  13:Src/main.c    ****   * Copyright (c) 2019 STMicroelectronics International N.V. 
  14:Src/main.c    ****   * All rights reserved.
  15:Src/main.c    ****   *
  16:Src/main.c    ****   * Redistribution and use in source and binary forms, with or without 
  17:Src/main.c    ****   * modification, are permitted, provided that the following conditions are met:
  18:Src/main.c    ****   *
  19:Src/main.c    ****   * 1. Redistribution of source code must retain the above copyright notice, 
  20:Src/main.c    ****   *    this list of conditions and the following disclaimer.
  21:Src/main.c    ****   * 2. Redistributions in binary form must reproduce the above copyright notice,
  22:Src/main.c    ****   *    this list of conditions and the following disclaimer in the documentation
  23:Src/main.c    ****   *    and/or other materials provided with the distribution.
  24:Src/main.c    ****   * 3. Neither the name of STMicroelectronics nor the names of other 
  25:Src/main.c    ****   *    contributors to this software may be used to endorse or promote products 
  26:Src/main.c    ****   *    derived from this software without specific written permission.
  27:Src/main.c    ****   * 4. This software, including modifications and/or derivative works of this 
  28:Src/main.c    ****   *    software, must execute solely and exclusively on microcontroller or
  29:Src/main.c    ****   *    microprocessor devices manufactured by or for STMicroelectronics.
  30:Src/main.c    ****   * 5. Redistribution and use of this software other than as permitted under 
  31:Src/main.c    ****   *    this license is void and will automatically terminate your rights under 
  32:Src/main.c    ****   *    this license. 
ARM GAS  /tmp/ccQoL6vJ.s 			page 2


  33:Src/main.c    ****   *
  34:Src/main.c    ****   * THIS SOFTWARE IS PROVIDED BY STMICROELECTRONICS AND CONTRIBUTORS "AS IS" 
  35:Src/main.c    ****   * AND ANY EXPRESS, IMPLIED OR STATUTORY WARRANTIES, INCLUDING, BUT NOT 
  36:Src/main.c    ****   * LIMITED TO, THE IMPLIED WARRANTIES OF MERCHANTABILITY, FITNESS FOR A 
  37:Src/main.c    ****   * PARTICULAR PURPOSE AND NON-INFRINGEMENT OF THIRD PARTY INTELLECTUAL PROPERTY
  38:Src/main.c    ****   * RIGHTS ARE DISCLAIMED TO THE FULLEST EXTENT PERMITTED BY LAW. IN NO EVENT 
  39:Src/main.c    ****   * SHALL STMICROELECTRONICS OR CONTRIBUTORS BE LIABLE FOR ANY DIRECT, INDIRECT,
  40:Src/main.c    ****   * INCIDENTAL, SPECIAL, EXEMPLARY, OR CONSEQUENTIAL DAMAGES (INCLUDING, BUT NOT
  41:Src/main.c    ****   * LIMITED TO, PROCUREMENT OF SUBSTITUTE GOODS OR SERVICES; LOSS OF USE, DATA, 
  42:Src/main.c    ****   * OR PROFITS; OR BUSINESS INTERRUPTION) HOWEVER CAUSED AND ON ANY THEORY OF 
  43:Src/main.c    ****   * LIABILITY, WHETHER IN CONTRACT, STRICT LIABILITY, OR TORT (INCLUDING 
  44:Src/main.c    ****   * NEGLIGENCE OR OTHERWISE) ARISING IN ANY WAY OUT OF THE USE OF THIS SOFTWARE,
  45:Src/main.c    ****   * EVEN IF ADVISED OF THE POSSIBILITY OF SUCH DAMAGE.
  46:Src/main.c    ****   *
  47:Src/main.c    ****   ******************************************************************************
  48:Src/main.c    ****   */
  49:Src/main.c    **** /* Includes ------------------------------------------------------------------*/
  50:Src/main.c    **** #include "main.h"
  51:Src/main.c    **** #include "stm32f1xx_hal.h"
  52:Src/main.c    **** #include "cmsis_os.h"
  53:Src/main.c    **** 
  54:Src/main.c    **** /* USER CODE BEGIN Includes */
  55:Src/main.c    **** 
  56:Src/main.c    **** /* USER CODE END Includes */
  57:Src/main.c    **** 
  58:Src/main.c    **** /* Private variables ---------------------------------------------------------*/
  59:Src/main.c    **** UART_HandleTypeDef huart1;
  60:Src/main.c    **** UART_HandleTypeDef huart2;
  61:Src/main.c    **** UART_HandleTypeDef huart3;
  62:Src/main.c    **** DMA_HandleTypeDef hdma_usart2_rx;
  63:Src/main.c    **** 
  64:Src/main.c    **** osThreadId Task0Handle;
  65:Src/main.c    **** osThreadId Task1Handle;
  66:Src/main.c    **** 
  67:Src/main.c    **** /* USER CODE BEGIN PV */
  68:Src/main.c    **** /* Private variables ---------------------------------------------------------*/
  69:Src/main.c    **** uint8_t aRxBuffer1[1];
  70:Src/main.c    **** uint8_t aRxBuffer2[1];
  71:Src/main.c    **** uint8_t aRxBuffer3[1];
  72:Src/main.c    **** 
  73:Src/main.c    **** uint8_t aRxBuffer2_Data[4];
  74:Src/main.c    **** uint8_t aRxBuffer2_Data_flag = 0;
  75:Src/main.c    **** uint8_t aRxBuffer2_Data_Index = 0;
  76:Src/main.c    **** 
  77:Src/main.c    **** #define BUFFERSIZE 255                                
  78:Src/main.c    **** uint8_t ReceiveBuff[BUFFERSIZE];         //Êé•Êî∂ÁºìÂÜ≤Âå∫
  79:Src/main.c    **** uint8_t recv_end_flag = 0,Rx_len;        //Êé•Êî∂ÂÆåÊàê‰∏≠Êñ≠ÔºåÊé•Êî∂Âà∞Â≠óÁ¨¶ÈïøÂ∫¶
  80:Src/main.c    **** /* USER CODE END PV */
  81:Src/main.c    **** 
  82:Src/main.c    **** /* Private function prototypes -----------------------------------------------*/
  83:Src/main.c    **** void SystemClock_Config(void);
  84:Src/main.c    **** static void MX_GPIO_Init(void);
  85:Src/main.c    **** static void MX_DMA_Init(void);
  86:Src/main.c    **** static void MX_USART1_UART_Init(void);
  87:Src/main.c    **** static void MX_USART2_UART_Init(void);
  88:Src/main.c    **** static void MX_USART3_UART_Init(void);
  89:Src/main.c    **** void Func_Task0(void const * argument);
ARM GAS  /tmp/ccQoL6vJ.s 			page 3


  90:Src/main.c    **** void Func_Task1(void const * argument);
  91:Src/main.c    **** static void MX_NVIC_Init(void);
  92:Src/main.c    **** 
  93:Src/main.c    **** /* USER CODE BEGIN PFP */
  94:Src/main.c    **** /* Private function prototypes -----------------------------------------------*/
  95:Src/main.c    **** void uartdamget(void);
  96:Src/main.c    **** /* USER CODE END PFP */
  97:Src/main.c    **** 
  98:Src/main.c    **** /* USER CODE BEGIN 0 */
  99:Src/main.c    **** 
 100:Src/main.c    **** /* USER CODE END 0 */
 101:Src/main.c    **** 
 102:Src/main.c    **** /**
 103:Src/main.c    ****   * @brief  The application entry point.
 104:Src/main.c    ****   *
 105:Src/main.c    ****   * @retval None
 106:Src/main.c    ****   */
 107:Src/main.c    **** int main(void)
 108:Src/main.c    **** {
 109:Src/main.c    ****   /* USER CODE BEGIN 1 */
 110:Src/main.c    **** 
 111:Src/main.c    ****   /* USER CODE END 1 */
 112:Src/main.c    **** 
 113:Src/main.c    ****   /* MCU Configuration----------------------------------------------------------*/
 114:Src/main.c    **** 
 115:Src/main.c    ****   /* Reset of all peripherals, Initializes the Flash interface and the Systick. */
 116:Src/main.c    ****   HAL_Init();
 117:Src/main.c    **** 
 118:Src/main.c    ****   /* USER CODE BEGIN Init */
 119:Src/main.c    **** 
 120:Src/main.c    ****   /* USER CODE END Init */
 121:Src/main.c    **** 
 122:Src/main.c    ****   /* Configure the system clock */
 123:Src/main.c    ****   SystemClock_Config();
 124:Src/main.c    **** 
 125:Src/main.c    ****   /* USER CODE BEGIN SysInit */
 126:Src/main.c    **** 
 127:Src/main.c    ****   /* USER CODE END SysInit */
 128:Src/main.c    **** 
 129:Src/main.c    ****   /* Initialize all configured peripherals */
 130:Src/main.c    ****   MX_GPIO_Init();
 131:Src/main.c    ****   MX_DMA_Init();
 132:Src/main.c    ****   MX_USART1_UART_Init();
 133:Src/main.c    ****   MX_USART2_UART_Init();
 134:Src/main.c    ****   MX_USART3_UART_Init();
 135:Src/main.c    **** 
 136:Src/main.c    ****   /* Initialize interrupts */
 137:Src/main.c    ****   MX_NVIC_Init();
 138:Src/main.c    ****   /* USER CODE BEGIN 2 */
 139:Src/main.c    ****   HAL_UART_Transmit(&huart1,"DMA\r\n",5,10);
 140:Src/main.c    ****   /*        ‰ΩøËÉΩ‰∏≤Âè£2 IDLE‰∏≠Êñ≠        */
 141:Src/main.c    ****   __HAL_UART_ENABLE_IT(&huart2, UART_IT_IDLE);
 142:Src/main.c    ****   /* USER CODE END 2 */
 143:Src/main.c    **** 
 144:Src/main.c    ****   /* USER CODE BEGIN RTOS_MUTEX */
 145:Src/main.c    ****   /* add mutexes, ... */
 146:Src/main.c    ****   /* USER CODE END RTOS_MUTEX */
ARM GAS  /tmp/ccQoL6vJ.s 			page 4


 147:Src/main.c    **** 
 148:Src/main.c    ****   /* USER CODE BEGIN RTOS_SEMAPHORES */
 149:Src/main.c    ****   /* add semaphores, ... */
 150:Src/main.c    ****   /* USER CODE END RTOS_SEMAPHORES */
 151:Src/main.c    **** 
 152:Src/main.c    ****   /* USER CODE BEGIN RTOS_TIMERS */
 153:Src/main.c    ****   /* start timers, add new ones, ... */
 154:Src/main.c    ****   /* USER CODE END RTOS_TIMERS */
 155:Src/main.c    **** 
 156:Src/main.c    ****   /* Create the thread(s) */
 157:Src/main.c    ****   /* definition and creation of Task0 */
 158:Src/main.c    ****   osThreadDef(Task0, Func_Task0, osPriorityNormal, 0, 256);
 159:Src/main.c    ****   Task0Handle = osThreadCreate(osThread(Task0), NULL);
 160:Src/main.c    **** 
 161:Src/main.c    ****   /* definition and creation of Task1 */
 162:Src/main.c    ****   osThreadDef(Task1, Func_Task1, osPriorityNormal, 0, 256);
 163:Src/main.c    ****   Task1Handle = osThreadCreate(osThread(Task1), NULL);
 164:Src/main.c    **** 
 165:Src/main.c    ****   /* USER CODE BEGIN RTOS_THREADS */
 166:Src/main.c    ****   /* add threads, ... */
 167:Src/main.c    ****   /* USER CODE END RTOS_THREADS */
 168:Src/main.c    **** 
 169:Src/main.c    ****   /* USER CODE BEGIN RTOS_QUEUES */
 170:Src/main.c    ****   /* add queues, ... */
 171:Src/main.c    ****   /* USER CODE END RTOS_QUEUES */
 172:Src/main.c    ****  
 173:Src/main.c    **** 
 174:Src/main.c    ****   /* Start scheduler */
 175:Src/main.c    ****   osKernelStart();
 176:Src/main.c    ****   
 177:Src/main.c    ****   /* We should never get here as control is now taken by the scheduler */
 178:Src/main.c    **** 
 179:Src/main.c    ****   /* Infinite loop */
 180:Src/main.c    ****   /* USER CODE BEGIN WHILE */
 181:Src/main.c    ****   while (1)
 182:Src/main.c    ****   {
 183:Src/main.c    **** 
 184:Src/main.c    ****   /* USER CODE END WHILE */
 185:Src/main.c    **** 
 186:Src/main.c    ****   /* USER CODE BEGIN 3 */
 187:Src/main.c    **** 
 188:Src/main.c    ****   }
 189:Src/main.c    ****   /* USER CODE END 3 */
 190:Src/main.c    **** 
 191:Src/main.c    **** }
 192:Src/main.c    **** 
 193:Src/main.c    **** /**
 194:Src/main.c    ****   * @brief System Clock Configuration
 195:Src/main.c    ****   * @retval None
 196:Src/main.c    ****   */
 197:Src/main.c    **** void SystemClock_Config(void)
 198:Src/main.c    **** {
 199:Src/main.c    **** 
 200:Src/main.c    ****   RCC_OscInitTypeDef RCC_OscInitStruct;
 201:Src/main.c    ****   RCC_ClkInitTypeDef RCC_ClkInitStruct;
 202:Src/main.c    **** 
 203:Src/main.c    ****     /**Initializes the CPU, AHB and APB busses clocks 
ARM GAS  /tmp/ccQoL6vJ.s 			page 5


 204:Src/main.c    ****     */
 205:Src/main.c    ****   RCC_OscInitStruct.OscillatorType = RCC_OSCILLATORTYPE_HSE;
 206:Src/main.c    ****   RCC_OscInitStruct.HSEState = RCC_HSE_ON;
 207:Src/main.c    ****   RCC_OscInitStruct.HSEPredivValue = RCC_HSE_PREDIV_DIV1;
 208:Src/main.c    ****   RCC_OscInitStruct.HSIState = RCC_HSI_ON;
 209:Src/main.c    ****   RCC_OscInitStruct.PLL.PLLState = RCC_PLL_ON;
 210:Src/main.c    ****   RCC_OscInitStruct.PLL.PLLSource = RCC_PLLSOURCE_HSE;
 211:Src/main.c    ****   RCC_OscInitStruct.PLL.PLLMUL = RCC_PLL_MUL9;
 212:Src/main.c    ****   if (HAL_RCC_OscConfig(&RCC_OscInitStruct) != HAL_OK)
 213:Src/main.c    ****   {
 214:Src/main.c    ****     _Error_Handler(__FILE__, __LINE__);
 215:Src/main.c    ****   }
 216:Src/main.c    **** 
 217:Src/main.c    ****     /**Initializes the CPU, AHB and APB busses clocks 
 218:Src/main.c    ****     */
 219:Src/main.c    ****   RCC_ClkInitStruct.ClockType = RCC_CLOCKTYPE_HCLK|RCC_CLOCKTYPE_SYSCLK
 220:Src/main.c    ****                               |RCC_CLOCKTYPE_PCLK1|RCC_CLOCKTYPE_PCLK2;
 221:Src/main.c    ****   RCC_ClkInitStruct.SYSCLKSource = RCC_SYSCLKSOURCE_PLLCLK;
 222:Src/main.c    ****   RCC_ClkInitStruct.AHBCLKDivider = RCC_SYSCLK_DIV1;
 223:Src/main.c    ****   RCC_ClkInitStruct.APB1CLKDivider = RCC_HCLK_DIV2;
 224:Src/main.c    ****   RCC_ClkInitStruct.APB2CLKDivider = RCC_HCLK_DIV1;
 225:Src/main.c    **** 
 226:Src/main.c    ****   if (HAL_RCC_ClockConfig(&RCC_ClkInitStruct, FLASH_LATENCY_2) != HAL_OK)
 227:Src/main.c    ****   {
 228:Src/main.c    ****     _Error_Handler(__FILE__, __LINE__);
 229:Src/main.c    ****   }
 230:Src/main.c    **** 
 231:Src/main.c    ****     /**Configure the Systick interrupt time 
 232:Src/main.c    ****     */
 233:Src/main.c    ****   HAL_SYSTICK_Config(HAL_RCC_GetHCLKFreq()/1000);
 234:Src/main.c    **** 
 235:Src/main.c    ****     /**Configure the Systick 
 236:Src/main.c    ****     */
 237:Src/main.c    ****   HAL_SYSTICK_CLKSourceConfig(SYSTICK_CLKSOURCE_HCLK);
 238:Src/main.c    **** 
 239:Src/main.c    ****   /* SysTick_IRQn interrupt configuration */
 240:Src/main.c    ****   HAL_NVIC_SetPriority(SysTick_IRQn, 15, 0);
 241:Src/main.c    **** }
 242:Src/main.c    **** 
 243:Src/main.c    **** /**
 244:Src/main.c    ****   * @brief NVIC Configuration.
 245:Src/main.c    ****   * @retval None
 246:Src/main.c    ****   */
 247:Src/main.c    **** static void MX_NVIC_Init(void)
 248:Src/main.c    **** {
 249:Src/main.c    ****   /* USART1_IRQn interrupt configuration */
 250:Src/main.c    ****   HAL_NVIC_SetPriority(USART1_IRQn, 6, 0);
 251:Src/main.c    ****   HAL_NVIC_EnableIRQ(USART1_IRQn);
 252:Src/main.c    ****   /* USART2_IRQn interrupt configuration */
 253:Src/main.c    ****   HAL_NVIC_SetPriority(USART2_IRQn, 5, 0);
 254:Src/main.c    ****   HAL_NVIC_EnableIRQ(USART2_IRQn);
 255:Src/main.c    ****   /* USART3_IRQn interrupt configuration */
 256:Src/main.c    ****   HAL_NVIC_SetPriority(USART3_IRQn, 7, 0);
 257:Src/main.c    ****   HAL_NVIC_EnableIRQ(USART3_IRQn);
 258:Src/main.c    ****   /* DMA1_Channel6_IRQn interrupt configuration */
 259:Src/main.c    ****   HAL_NVIC_SetPriority(DMA1_Channel6_IRQn, 5, 0);
 260:Src/main.c    ****   HAL_NVIC_EnableIRQ(DMA1_Channel6_IRQn);
ARM GAS  /tmp/ccQoL6vJ.s 			page 6


 261:Src/main.c    **** }
 262:Src/main.c    **** 
 263:Src/main.c    **** /* USART1 init function */
 264:Src/main.c    **** static void MX_USART1_UART_Init(void)
 265:Src/main.c    **** {
 266:Src/main.c    **** 
 267:Src/main.c    ****   huart1.Instance = USART1;
 268:Src/main.c    ****   huart1.Init.BaudRate = 115200;
 269:Src/main.c    ****   huart1.Init.WordLength = UART_WORDLENGTH_8B;
 270:Src/main.c    ****   huart1.Init.StopBits = UART_STOPBITS_1;
 271:Src/main.c    ****   huart1.Init.Parity = UART_PARITY_NONE;
 272:Src/main.c    ****   huart1.Init.Mode = UART_MODE_TX_RX;
 273:Src/main.c    ****   huart1.Init.HwFlowCtl = UART_HWCONTROL_NONE;
 274:Src/main.c    ****   huart1.Init.OverSampling = UART_OVERSAMPLING_16;
 275:Src/main.c    ****   if (HAL_UART_Init(&huart1) != HAL_OK)
 276:Src/main.c    ****   {
 277:Src/main.c    ****     _Error_Handler(__FILE__, __LINE__);
 278:Src/main.c    ****   }
 279:Src/main.c    **** 
 280:Src/main.c    **** }
 281:Src/main.c    **** 
 282:Src/main.c    **** /* USART2 init function */
 283:Src/main.c    **** static void MX_USART2_UART_Init(void)
 284:Src/main.c    **** {
 285:Src/main.c    **** 
 286:Src/main.c    ****   huart2.Instance = USART2;
 287:Src/main.c    ****   huart2.Init.BaudRate = 115200;
 288:Src/main.c    ****   huart2.Init.WordLength = UART_WORDLENGTH_8B;
 289:Src/main.c    ****   huart2.Init.StopBits = UART_STOPBITS_1;
 290:Src/main.c    ****   huart2.Init.Parity = UART_PARITY_NONE;
 291:Src/main.c    ****   huart2.Init.Mode = UART_MODE_TX_RX;
 292:Src/main.c    ****   huart2.Init.HwFlowCtl = UART_HWCONTROL_NONE;
 293:Src/main.c    ****   huart2.Init.OverSampling = UART_OVERSAMPLING_16;
 294:Src/main.c    ****   if (HAL_UART_Init(&huart2) != HAL_OK)
 295:Src/main.c    ****   {
 296:Src/main.c    ****     _Error_Handler(__FILE__, __LINE__);
 297:Src/main.c    ****   }
 298:Src/main.c    **** 
 299:Src/main.c    **** }
 300:Src/main.c    **** 
 301:Src/main.c    **** /* USART3 init function */
 302:Src/main.c    **** static void MX_USART3_UART_Init(void)
 303:Src/main.c    **** {
 304:Src/main.c    **** 
 305:Src/main.c    ****   huart3.Instance = USART3;
 306:Src/main.c    ****   huart3.Init.BaudRate = 115200;
 307:Src/main.c    ****   huart3.Init.WordLength = UART_WORDLENGTH_8B;
 308:Src/main.c    ****   huart3.Init.StopBits = UART_STOPBITS_1;
 309:Src/main.c    ****   huart3.Init.Parity = UART_PARITY_NONE;
 310:Src/main.c    ****   huart3.Init.Mode = UART_MODE_TX_RX;
 311:Src/main.c    ****   huart3.Init.HwFlowCtl = UART_HWCONTROL_NONE;
 312:Src/main.c    ****   huart3.Init.OverSampling = UART_OVERSAMPLING_16;
 313:Src/main.c    ****   if (HAL_UART_Init(&huart3) != HAL_OK)
 314:Src/main.c    ****   {
 315:Src/main.c    ****     _Error_Handler(__FILE__, __LINE__);
 316:Src/main.c    ****   }
 317:Src/main.c    **** 
ARM GAS  /tmp/ccQoL6vJ.s 			page 7


 318:Src/main.c    **** }
 319:Src/main.c    **** 
 320:Src/main.c    **** /** 
 321:Src/main.c    ****   * Enable DMA controller clock
 322:Src/main.c    ****   */
 323:Src/main.c    **** static void MX_DMA_Init(void) 
 324:Src/main.c    **** {
  27              		.loc 1 324 0
  28              		.cfi_startproc
  29              		@ args = 0, pretend = 0, frame = 8
  30              		@ frame_needed = 0, uses_anonymous_args = 0
  31              		@ link register save eliminated.
  32 0000 82B0     		sub	sp, sp, #8
  33              	.LCFI0:
  34              		.cfi_def_cfa_offset 8
  35              	.LBB2:
 325:Src/main.c    ****   /* DMA controller clock enable */
 326:Src/main.c    ****   __HAL_RCC_DMA1_CLK_ENABLE();
  36              		.loc 1 326 0
  37 0002 064B     		ldr	r3, .L3
  38 0004 5A69     		ldr	r2, [r3, #20]
  39 0006 42F00102 		orr	r2, r2, #1
  40 000a 5A61     		str	r2, [r3, #20]
  41 000c 5B69     		ldr	r3, [r3, #20]
  42 000e 03F00103 		and	r3, r3, #1
  43 0012 0193     		str	r3, [sp, #4]
  44 0014 019B     		ldr	r3, [sp, #4]
  45              	.LBE2:
 327:Src/main.c    **** 
 328:Src/main.c    **** }
  46              		.loc 1 328 0
  47 0016 02B0     		add	sp, sp, #8
  48              	.LCFI1:
  49              		.cfi_def_cfa_offset 0
  50              		@ sp needed
  51 0018 7047     		bx	lr
  52              	.L4:
  53 001a 00BF     		.align	2
  54              	.L3:
  55 001c 00100240 		.word	1073876992
  56              		.cfi_endproc
  57              	.LFE75:
  59              		.section	.text.MX_GPIO_Init,"ax",%progbits
  60              		.align	2
  61              		.thumb
  62              		.thumb_func
  64              	MX_GPIO_Init:
  65              	.LFB76:
 329:Src/main.c    **** 
 330:Src/main.c    **** /** Configure pins as 
 331:Src/main.c    ****         * Analog 
 332:Src/main.c    ****         * Input 
 333:Src/main.c    ****         * Output
 334:Src/main.c    ****         * EVENT_OUT
 335:Src/main.c    ****         * EXTI
 336:Src/main.c    **** */
 337:Src/main.c    **** static void MX_GPIO_Init(void)
ARM GAS  /tmp/ccQoL6vJ.s 			page 8


 338:Src/main.c    **** {
  66              		.loc 1 338 0
  67              		.cfi_startproc
  68              		@ args = 0, pretend = 0, frame = 32
  69              		@ frame_needed = 0, uses_anonymous_args = 0
  70 0000 2DE9F041 		push	{r4, r5, r6, r7, r8, lr}
  71              	.LCFI2:
  72              		.cfi_def_cfa_offset 24
  73              		.cfi_offset 4, -24
  74              		.cfi_offset 5, -20
  75              		.cfi_offset 6, -16
  76              		.cfi_offset 7, -12
  77              		.cfi_offset 8, -8
  78              		.cfi_offset 14, -4
  79 0004 88B0     		sub	sp, sp, #32
  80              	.LCFI3:
  81              		.cfi_def_cfa_offset 56
  82              	.LBB3:
 339:Src/main.c    **** 
 340:Src/main.c    ****   GPIO_InitTypeDef GPIO_InitStruct;
 341:Src/main.c    **** 
 342:Src/main.c    ****   /* GPIO Ports Clock Enable */
 343:Src/main.c    ****   __HAL_RCC_GPIOD_CLK_ENABLE();
  83              		.loc 1 343 0
  84 0006 214B     		ldr	r3, .L7
  85 0008 9A69     		ldr	r2, [r3, #24]
  86 000a 42F02002 		orr	r2, r2, #32
  87 000e 9A61     		str	r2, [r3, #24]
  88 0010 9A69     		ldr	r2, [r3, #24]
  89 0012 02F02002 		and	r2, r2, #32
  90 0016 0192     		str	r2, [sp, #4]
  91 0018 019A     		ldr	r2, [sp, #4]
  92              	.LBE3:
  93              	.LBB4:
 344:Src/main.c    ****   __HAL_RCC_GPIOA_CLK_ENABLE();
  94              		.loc 1 344 0
  95 001a 9A69     		ldr	r2, [r3, #24]
  96 001c 42F00402 		orr	r2, r2, #4
  97 0020 9A61     		str	r2, [r3, #24]
  98 0022 9A69     		ldr	r2, [r3, #24]
  99 0024 02F00402 		and	r2, r2, #4
 100 0028 0292     		str	r2, [sp, #8]
 101 002a 029A     		ldr	r2, [sp, #8]
 102              	.LBE4:
 103              	.LBB5:
 345:Src/main.c    ****   __HAL_RCC_GPIOB_CLK_ENABLE();
 104              		.loc 1 345 0
 105 002c 9A69     		ldr	r2, [r3, #24]
 106 002e 42F00802 		orr	r2, r2, #8
 107 0032 9A61     		str	r2, [r3, #24]
 108 0034 9B69     		ldr	r3, [r3, #24]
 109 0036 03F00803 		and	r3, r3, #8
 110 003a 0393     		str	r3, [sp, #12]
 111 003c 039B     		ldr	r3, [sp, #12]
 112              	.LBE5:
 346:Src/main.c    **** 
 347:Src/main.c    ****   /*Configure GPIO pin Output Level */
ARM GAS  /tmp/ccQoL6vJ.s 			page 9


 348:Src/main.c    ****   HAL_GPIO_WritePin(LED0_GPIO_Port, LED0_Pin, GPIO_PIN_RESET);
 113              		.loc 1 348 0
 114 003e DFF85480 		ldr	r8, .L7+8
 115 0042 0022     		movs	r2, #0
 116 0044 4FF48071 		mov	r1, #256
 117 0048 4046     		mov	r0, r8
 118 004a FFF7FEFF 		bl	HAL_GPIO_WritePin
 119              	.LVL0:
 349:Src/main.c    **** 
 350:Src/main.c    ****   /*Configure GPIO pin Output Level */
 351:Src/main.c    ****   HAL_GPIO_WritePin(LED1_GPIO_Port, LED1_Pin, GPIO_PIN_RESET);
 120              		.loc 1 351 0
 121 004e 104C     		ldr	r4, .L7+4
 122 0050 0022     		movs	r2, #0
 123 0052 0421     		movs	r1, #4
 124 0054 2046     		mov	r0, r4
 125 0056 FFF7FEFF 		bl	HAL_GPIO_WritePin
 126              	.LVL1:
 352:Src/main.c    **** 
 353:Src/main.c    ****   /*Configure GPIO pin : LED0_Pin */
 354:Src/main.c    ****   GPIO_InitStruct.Pin = LED0_Pin;
 127              		.loc 1 354 0
 128 005a 4FF48073 		mov	r3, #256
 129 005e 0493     		str	r3, [sp, #16]
 355:Src/main.c    ****   GPIO_InitStruct.Mode = GPIO_MODE_OUTPUT_PP;
 130              		.loc 1 355 0
 131 0060 0127     		movs	r7, #1
 132 0062 0597     		str	r7, [sp, #20]
 356:Src/main.c    ****   GPIO_InitStruct.Pull = GPIO_NOPULL;
 133              		.loc 1 356 0
 134 0064 0026     		movs	r6, #0
 135 0066 0696     		str	r6, [sp, #24]
 357:Src/main.c    ****   GPIO_InitStruct.Speed = GPIO_SPEED_FREQ_LOW;
 136              		.loc 1 357 0
 137 0068 0225     		movs	r5, #2
 138 006a 0795     		str	r5, [sp, #28]
 358:Src/main.c    ****   HAL_GPIO_Init(LED0_GPIO_Port, &GPIO_InitStruct);
 139              		.loc 1 358 0
 140 006c 04A9     		add	r1, sp, #16
 141 006e 4046     		mov	r0, r8
 142 0070 FFF7FEFF 		bl	HAL_GPIO_Init
 143              	.LVL2:
 359:Src/main.c    **** 
 360:Src/main.c    ****   /*Configure GPIO pin : LED1_Pin */
 361:Src/main.c    ****   GPIO_InitStruct.Pin = LED1_Pin;
 144              		.loc 1 361 0
 145 0074 0423     		movs	r3, #4
 146 0076 0493     		str	r3, [sp, #16]
 362:Src/main.c    ****   GPIO_InitStruct.Mode = GPIO_MODE_OUTPUT_PP;
 147              		.loc 1 362 0
 148 0078 0597     		str	r7, [sp, #20]
 363:Src/main.c    ****   GPIO_InitStruct.Pull = GPIO_NOPULL;
 149              		.loc 1 363 0
 150 007a 0696     		str	r6, [sp, #24]
 364:Src/main.c    ****   GPIO_InitStruct.Speed = GPIO_SPEED_FREQ_LOW;
 151              		.loc 1 364 0
 152 007c 0795     		str	r5, [sp, #28]
ARM GAS  /tmp/ccQoL6vJ.s 			page 10


 365:Src/main.c    ****   HAL_GPIO_Init(LED1_GPIO_Port, &GPIO_InitStruct);
 153              		.loc 1 365 0
 154 007e 04A9     		add	r1, sp, #16
 155 0080 2046     		mov	r0, r4
 156 0082 FFF7FEFF 		bl	HAL_GPIO_Init
 157              	.LVL3:
 366:Src/main.c    **** 
 367:Src/main.c    **** }
 158              		.loc 1 367 0
 159 0086 08B0     		add	sp, sp, #32
 160              	.LCFI4:
 161              		.cfi_def_cfa_offset 24
 162              		@ sp needed
 163 0088 BDE8F081 		pop	{r4, r5, r6, r7, r8, pc}
 164              	.L8:
 165              		.align	2
 166              	.L7:
 167 008c 00100240 		.word	1073876992
 168 0090 00140140 		.word	1073812480
 169 0094 00080140 		.word	1073809408
 170              		.cfi_endproc
 171              	.LFE76:
 173              		.section	.text.MX_NVIC_Init,"ax",%progbits
 174              		.align	2
 175              		.thumb
 176              		.thumb_func
 178              	MX_NVIC_Init:
 179              	.LFB71:
 248:Src/main.c    ****   /* USART1_IRQn interrupt configuration */
 180              		.loc 1 248 0
 181              		.cfi_startproc
 182              		@ args = 0, pretend = 0, frame = 0
 183              		@ frame_needed = 0, uses_anonymous_args = 0
 184 0000 08B5     		push	{r3, lr}
 185              	.LCFI5:
 186              		.cfi_def_cfa_offset 8
 187              		.cfi_offset 3, -8
 188              		.cfi_offset 14, -4
 250:Src/main.c    ****   HAL_NVIC_EnableIRQ(USART1_IRQn);
 189              		.loc 1 250 0
 190 0002 0022     		movs	r2, #0
 191 0004 0621     		movs	r1, #6
 192 0006 2520     		movs	r0, #37
 193 0008 FFF7FEFF 		bl	HAL_NVIC_SetPriority
 194              	.LVL4:
 251:Src/main.c    ****   /* USART2_IRQn interrupt configuration */
 195              		.loc 1 251 0
 196 000c 2520     		movs	r0, #37
 197 000e FFF7FEFF 		bl	HAL_NVIC_EnableIRQ
 198              	.LVL5:
 253:Src/main.c    ****   HAL_NVIC_EnableIRQ(USART2_IRQn);
 199              		.loc 1 253 0
 200 0012 0022     		movs	r2, #0
 201 0014 0521     		movs	r1, #5
 202 0016 2620     		movs	r0, #38
 203 0018 FFF7FEFF 		bl	HAL_NVIC_SetPriority
 204              	.LVL6:
ARM GAS  /tmp/ccQoL6vJ.s 			page 11


 254:Src/main.c    ****   /* USART3_IRQn interrupt configuration */
 205              		.loc 1 254 0
 206 001c 2620     		movs	r0, #38
 207 001e FFF7FEFF 		bl	HAL_NVIC_EnableIRQ
 208              	.LVL7:
 256:Src/main.c    ****   HAL_NVIC_EnableIRQ(USART3_IRQn);
 209              		.loc 1 256 0
 210 0022 0022     		movs	r2, #0
 211 0024 0721     		movs	r1, #7
 212 0026 2720     		movs	r0, #39
 213 0028 FFF7FEFF 		bl	HAL_NVIC_SetPriority
 214              	.LVL8:
 257:Src/main.c    ****   /* DMA1_Channel6_IRQn interrupt configuration */
 215              		.loc 1 257 0
 216 002c 2720     		movs	r0, #39
 217 002e FFF7FEFF 		bl	HAL_NVIC_EnableIRQ
 218              	.LVL9:
 259:Src/main.c    ****   HAL_NVIC_EnableIRQ(DMA1_Channel6_IRQn);
 219              		.loc 1 259 0
 220 0032 0022     		movs	r2, #0
 221 0034 0521     		movs	r1, #5
 222 0036 1020     		movs	r0, #16
 223 0038 FFF7FEFF 		bl	HAL_NVIC_SetPriority
 224              	.LVL10:
 260:Src/main.c    **** }
 225              		.loc 1 260 0
 226 003c 1020     		movs	r0, #16
 227 003e FFF7FEFF 		bl	HAL_NVIC_EnableIRQ
 228              	.LVL11:
 229 0042 08BD     		pop	{r3, pc}
 230              		.cfi_endproc
 231              	.LFE71:
 233              		.section	.text.Func_Task1,"ax",%progbits
 234              		.align	2
 235              		.global	Func_Task1
 236              		.thumb
 237              		.thumb_func
 239              	Func_Task1:
 240              	.LFB79:
 368:Src/main.c    **** 
 369:Src/main.c    **** /* USER CODE BEGIN 4 */
 370:Src/main.c    **** void uartdamget(void)
 371:Src/main.c    **** {
 372:Src/main.c    ****   uint8_t temp[1];
 373:Src/main.c    ****   // uint8_t temp_before[1];
 374:Src/main.c    ****   HAL_GPIO_WritePin(LED1_GPIO_Port, LED1_Pin, GPIO_PIN_RESET);
 375:Src/main.c    **** 
 376:Src/main.c    ****   if(recv_end_flag ==1)
 377:Src/main.c    ****   {
 378:Src/main.c    **** 
 379:Src/main.c    ****  	for(int i=0;i<Rx_len;i++)
 380:Src/main.c    **** 	{
 381:Src/main.c    **** 	  /*ÊâìÂç∞Êé•Êî∂Âà∞ÁöÑÊï∞ÊçÆ*/
 382:Src/main.c    **** 	  sprintf(temp,"%c",ReceiveBuff[i]);
 383:Src/main.c    ****           HAL_UART_Transmit(&huart1,temp,1,10);
 384:Src/main.c    **** /*
 385:Src/main.c    ****       // hcan.pTxMsg -> Data[0] = 0xEF;
ARM GAS  /tmp/ccQoL6vJ.s 			page 12


 386:Src/main.c    **** 	  // hcan.pTxMsg -> Data[1] = 0xFE;    // ÊõøÊç¢CANÁöÑÂèëÈÄÅÊï∞ÊçÆÔºåÊöÇÊó∂Áî®Êù•ÊµãËØï
 387:Src/main.c    ****       // HAL_CAN_Transmit(&hcan, 10);      // Áî®CANÂè£ÊääÊï∞ÊçÆÂèëÂá∫Âéª
 388:Src/main.c    **** */
 389:Src/main.c    **** 	}
 390:Src/main.c    **** /*
 391:Src/main.c    ****     if (ReceiveBuff[Rx_len-1] == 'T' && ReceiveBuff[Rx_len - 2] == 'A' && ReceiveBuff[Rx_len - 3] =
 392:Src/main.c    ****     {
 393:Src/main.c    ****       HAL_UART_Transmit(&huart3,"\r\nCorrect",9,10);
 394:Src/main.c    ****       hcan.pTxMsg -> Data[0] = ReceiveBuff[Rx_len - 7] - 0x30;// ASC iiÊï∞Â≠óËΩ¨Âà∂Êï∞Â≠ó
 395:Src/main.c    **** 	  hcan.pTxMsg -> Data[1] = ReceiveBuff[Rx_len - 6] - 0x30;    // ÊõøÊç¢CANÁöÑÂèëÈÄÅÊï∞ÊçÆÔºåÊöÇÊó∂
 396:Src/main.c    ****       HAL_CAN_Transmit(&hcan, 10);      // Áî®CANÂè£ÊääÊï∞ÊçÆÂèëÂá∫Âéª,ËøòÊòØÂæó‰º†‰∏§Ê¨°ÈÇ£ËæπÊâçË
 397:Src/main.c    ****       HAL_CAN_Transmit(&hcan, 10);
 398:Src/main.c    ****     }
 399:Src/main.c    **** */
 400:Src/main.c    **** 
 401:Src/main.c    **** 	HAL_UART_Transmit(&huart1,"\r\n",2,10);         
 402:Src/main.c    **** 	/*Ê∏ÖÁ©∫Êé•Êî∂ÁºìÂ≠òÂå∫*/
 403:Src/main.c    ****     for(int i = 0; i < Rx_len ; i++)
 404:Src/main.c    **** 	  ReceiveBuff[i]=0;
 405:Src/main.c    **** 	/*Êé•Êî∂Êï∞ÊçÆÈïøÂ∫¶Ê∏ÖÈõ∂*/
 406:Src/main.c    **** 	Rx_len=0;
 407:Src/main.c    **** 	recv_end_flag=0;
 408:Src/main.c    ****   }
 409:Src/main.c    ****   /*ÂºÄÂêØ‰∏ã‰∏ÄÊ¨°Êé•Êî∂*/
 410:Src/main.c    ****   HAL_UART_Receive_DMA(&huart2,(uint8_t*)ReceiveBuff,BUFFERSIZE);    // Ê≥®ÊÑèËøôÈáå‰∏ÄÂÆöË¶ÅÈáçÊñ∞
 411:Src/main.c    **** 
 412:Src/main.c    ****   HAL_GPIO_WritePin(LED1_GPIO_Port, LED1_Pin, GPIO_PIN_SET);
 413:Src/main.c    **** }
 414:Src/main.c    **** /* USER CODE END 4 */
 415:Src/main.c    **** 
 416:Src/main.c    **** /* Func_Task0 function */
 417:Src/main.c    **** void Func_Task0(void const * argument)
 418:Src/main.c    **** {
 419:Src/main.c    **** 
 420:Src/main.c    ****   /* USER CODE BEGIN 5 */
 421:Src/main.c    ****   /* Infinite loop */
 422:Src/main.c    ****   for(;;)
 423:Src/main.c    ****   {
 424:Src/main.c    ****     osDelay(1000);
 425:Src/main.c    ****     uartdamget();
 426:Src/main.c    ****   }
 427:Src/main.c    ****   /* USER CODE END 5 */ 
 428:Src/main.c    **** }
 429:Src/main.c    **** 
 430:Src/main.c    **** /* Func_Task1 function */
 431:Src/main.c    **** void Func_Task1(void const * argument)
 432:Src/main.c    **** {
 241              		.loc 1 432 0
 242              		.cfi_startproc
 243              		@ Volatile: function does not return.
 244              		@ args = 0, pretend = 0, frame = 0
 245              		@ frame_needed = 0, uses_anonymous_args = 0
 246              	.LVL12:
 247 0000 08B5     		push	{r3, lr}
 248              	.LCFI6:
 249              		.cfi_def_cfa_offset 8
 250              		.cfi_offset 3, -8
ARM GAS  /tmp/ccQoL6vJ.s 			page 13


 251              		.cfi_offset 14, -4
 433:Src/main.c    ****   /* USER CODE BEGIN Func_Task1 */
 434:Src/main.c    ****   HAL_UART_Receive_IT(&huart2,aRxBuffer2,1);
 252              		.loc 1 434 0
 253 0002 354C     		ldr	r4, .L14
 254 0004 0122     		movs	r2, #1
 255 0006 3549     		ldr	r1, .L14+4
 256 0008 2046     		mov	r0, r4
 257              	.LVL13:
 258 000a FFF7FEFF 		bl	HAL_UART_Receive_IT
 259              	.LVL14:
 435:Src/main.c    ****   HAL_UART_Transmit(&huart1,"\r\nFunc_Task1 ESP8266 Client\r\n",29,10);
 260              		.loc 1 435 0
 261 000e 344D     		ldr	r5, .L14+8
 262 0010 0A23     		movs	r3, #10
 263 0012 1D22     		movs	r2, #29
 264 0014 3349     		ldr	r1, .L14+12
 265 0016 2846     		mov	r0, r5
 266 0018 FFF7FEFF 		bl	HAL_UART_Transmit
 267              	.LVL15:
 436:Src/main.c    ****   
 437:Src/main.c    ****   HAL_UART_Transmit(&huart2,"AT+CWMODE=1\r\n",13,10);
 268              		.loc 1 437 0
 269 001c 0A23     		movs	r3, #10
 270 001e 0D22     		movs	r2, #13
 271 0020 3149     		ldr	r1, .L14+16
 272 0022 2046     		mov	r0, r4
 273 0024 FFF7FEFF 		bl	HAL_UART_Transmit
 274              	.LVL16:
 438:Src/main.c    ****   osDelay(5000);
 275              		.loc 1 438 0
 276 0028 41F28830 		movw	r0, #5000
 277 002c FFF7FEFF 		bl	osDelay
 278              	.LVL17:
 439:Src/main.c    ****   HAL_UART_Transmit(&huart2,"AT+RST\r\n",8,10);
 279              		.loc 1 439 0
 280 0030 0A23     		movs	r3, #10
 281 0032 0822     		movs	r2, #8
 282 0034 2D49     		ldr	r1, .L14+20
 283 0036 2046     		mov	r0, r4
 284 0038 FFF7FEFF 		bl	HAL_UART_Transmit
 285              	.LVL18:
 440:Src/main.c    ****   osDelay(10000);
 286              		.loc 1 440 0
 287 003c 42F21070 		movw	r0, #10000
 288 0040 FFF7FEFF 		bl	osDelay
 289              	.LVL19:
 441:Src/main.c    ****   // HAL_UART_Transmit(&huart2,"AT+CWSAP=\"PYY_8266\",\"12345678\",6,4\r\n",36,10);
 442:Src/main.c    ****   // osDelay(50);
 443:Src/main.c    ****   HAL_UART_Transmit(&huart2,"AT+CIPMUX=0\r\n",13,10);
 290              		.loc 1 443 0
 291 0044 0A23     		movs	r3, #10
 292 0046 0D22     		movs	r2, #13
 293 0048 2949     		ldr	r1, .L14+24
 294 004a 2046     		mov	r0, r4
 295 004c FFF7FEFF 		bl	HAL_UART_Transmit
 296              	.LVL20:
ARM GAS  /tmp/ccQoL6vJ.s 			page 14


 444:Src/main.c    ****   osDelay(50);
 297              		.loc 1 444 0
 298 0050 3220     		movs	r0, #50
 299 0052 FFF7FEFF 		bl	osDelay
 300              	.LVL21:
 445:Src/main.c    ****   HAL_UART_Transmit(&huart2,"AT+CWJAP=\"PYY_8266\",\"12345678\"\r\n",32,10);
 301              		.loc 1 445 0
 302 0056 0A23     		movs	r3, #10
 303 0058 2022     		movs	r2, #32
 304 005a 2649     		ldr	r1, .L14+28
 305 005c 2046     		mov	r0, r4
 306 005e FFF7FEFF 		bl	HAL_UART_Transmit
 307              	.LVL22:
 446:Src/main.c    ****   osDelay(10000);
 308              		.loc 1 446 0
 309 0062 42F21070 		movw	r0, #10000
 310 0066 FFF7FEFF 		bl	osDelay
 311              	.LVL23:
 447:Src/main.c    ****   HAL_UART_Transmit(&huart2,"AT+CIPSTART=\"TCP\",\"192.168.4.1\",333\r\n",37,10);
 312              		.loc 1 447 0
 313 006a 0A23     		movs	r3, #10
 314 006c 2522     		movs	r2, #37
 315 006e 2249     		ldr	r1, .L14+32
 316 0070 2046     		mov	r0, r4
 317 0072 FFF7FEFF 		bl	HAL_UART_Transmit
 318              	.LVL24:
 448:Src/main.c    ****   osDelay(50);
 319              		.loc 1 448 0
 320 0076 3220     		movs	r0, #50
 321 0078 FFF7FEFF 		bl	osDelay
 322              	.LVL25:
 449:Src/main.c    ****   HAL_UART_Transmit(&huart2,"AT+CIPSEND=7\r\n",14,10);
 323              		.loc 1 449 0
 324 007c 0A23     		movs	r3, #10
 325 007e 0E22     		movs	r2, #14
 326 0080 1E49     		ldr	r1, .L14+36
 327 0082 2046     		mov	r0, r4
 328 0084 FFF7FEFF 		bl	HAL_UART_Transmit
 329              	.LVL26:
 450:Src/main.c    ****   osDelay(50);
 330              		.loc 1 450 0
 331 0088 3220     		movs	r0, #50
 332 008a FFF7FEFF 		bl	osDelay
 333              	.LVL27:
 451:Src/main.c    ****   HAL_UART_Transmit(&huart2,"12MYDAT\r\n",9,10);    // ESP8266ÊúçÂä°Âô®ÈÇ£‰∏ÄÁ´Ø‰ºöÈÄöËøáÂ≠óÁ¨¶‰∏≤M
 334              		.loc 1 451 0
 335 008e 0A23     		movs	r3, #10
 336 0090 0922     		movs	r2, #9
 337 0092 1B49     		ldr	r1, .L14+40
 338 0094 2046     		mov	r0, r4
 339 0096 FFF7FEFF 		bl	HAL_UART_Transmit
 340              	.LVL28:
 452:Src/main.c    ****   osDelay(50);
 341              		.loc 1 452 0
 342 009a 3220     		movs	r0, #50
 343 009c FFF7FEFF 		bl	osDelay
 344              	.LVL29:
ARM GAS  /tmp/ccQoL6vJ.s 			page 15


 453:Src/main.c    **** 
 454:Src/main.c    ****   HAL_UART_Transmit(&huart1,"\r\nFINISHED\r\n",12,10);
 345              		.loc 1 454 0
 346 00a0 0A23     		movs	r3, #10
 347 00a2 0C22     		movs	r2, #12
 348 00a4 1749     		ldr	r1, .L14+44
 349 00a6 2846     		mov	r0, r5
 350 00a8 FFF7FEFF 		bl	HAL_UART_Transmit
 351              	.LVL30:
 352              	.L12:
 455:Src/main.c    ****   /* Infinite loop */
 456:Src/main.c    ****   for(;;)
 457:Src/main.c    ****   {
 458:Src/main.c    ****     osDelay(1000);
 353              		.loc 1 458 0 discriminator 1
 354 00ac 4FF47A70 		mov	r0, #1000
 355 00b0 FFF7FEFF 		bl	osDelay
 356              	.LVL31:
 459:Src/main.c    ****     HAL_UART_Transmit(&huart2,"AT+CIPSEND=7\r\n",14,10);
 357              		.loc 1 459 0 discriminator 1
 358 00b4 084C     		ldr	r4, .L14
 359 00b6 0A23     		movs	r3, #10
 360 00b8 0E22     		movs	r2, #14
 361 00ba 1049     		ldr	r1, .L14+36
 362 00bc 2046     		mov	r0, r4
 363 00be FFF7FEFF 		bl	HAL_UART_Transmit
 364              	.LVL32:
 460:Src/main.c    ****     osDelay(50);
 365              		.loc 1 460 0 discriminator 1
 366 00c2 3220     		movs	r0, #50
 367 00c4 FFF7FEFF 		bl	osDelay
 368              	.LVL33:
 461:Src/main.c    ****     HAL_UART_Transmit(&huart2,"98MYDAT\r\n",9,10);
 369              		.loc 1 461 0 discriminator 1
 370 00c8 0A23     		movs	r3, #10
 371 00ca 0922     		movs	r2, #9
 372 00cc 0E49     		ldr	r1, .L14+48
 373 00ce 2046     		mov	r0, r4
 374 00d0 FFF7FEFF 		bl	HAL_UART_Transmit
 375              	.LVL34:
 376 00d4 EAE7     		b	.L12
 377              	.L15:
 378 00d6 00BF     		.align	2
 379              	.L14:
 380 00d8 00000000 		.word	huart2
 381 00dc 00000000 		.word	aRxBuffer2
 382 00e0 00000000 		.word	huart1
 383 00e4 00000000 		.word	.LC4
 384 00e8 20000000 		.word	.LC5
 385 00ec 30000000 		.word	.LC6
 386 00f0 3C000000 		.word	.LC7
 387 00f4 4C000000 		.word	.LC8
 388 00f8 70000000 		.word	.LC9
 389 00fc 98000000 		.word	.LC10
 390 0100 A8000000 		.word	.LC11
 391 0104 B4000000 		.word	.LC12
 392 0108 C4000000 		.word	.LC13
ARM GAS  /tmp/ccQoL6vJ.s 			page 16


 393              		.cfi_endproc
 394              	.LFE79:
 396              		.section	.text.uartdamget,"ax",%progbits
 397              		.align	2
 398              		.global	uartdamget
 399              		.thumb
 400              		.thumb_func
 402              	uartdamget:
 403              	.LFB77:
 371:Src/main.c    ****   uint8_t temp[1];
 404              		.loc 1 371 0
 405              		.cfi_startproc
 406              		@ args = 0, pretend = 0, frame = 8
 407              		@ frame_needed = 0, uses_anonymous_args = 0
 408 0000 10B5     		push	{r4, lr}
 409              	.LCFI7:
 410              		.cfi_def_cfa_offset 8
 411              		.cfi_offset 4, -8
 412              		.cfi_offset 14, -4
 413 0002 82B0     		sub	sp, sp, #8
 414              	.LCFI8:
 415              		.cfi_def_cfa_offset 16
 374:Src/main.c    **** 
 416              		.loc 1 374 0
 417 0004 0022     		movs	r2, #0
 418 0006 0421     		movs	r1, #4
 419 0008 1D48     		ldr	r0, .L24
 420 000a FFF7FEFF 		bl	HAL_GPIO_WritePin
 421              	.LVL35:
 376:Src/main.c    ****   {
 422              		.loc 1 376 0
 423 000e 1D4B     		ldr	r3, .L24+4
 424 0010 1B78     		ldrb	r3, [r3]	@ zero_extendqisi2
 425 0012 012B     		cmp	r3, #1
 426 0014 28D1     		bne	.L18
 427 0016 0DE0     		b	.L22
 428              	.LVL36:
 429              	.L19:
 430              	.LBB6:
 382:Src/main.c    ****           HAL_UART_Transmit(&huart1,temp,1,10);
 431              		.loc 1 382 0 discriminator 3
 432 0018 1B4B     		ldr	r3, .L24+8
 433 001a 1A5D     		ldrb	r2, [r3, r4]	@ zero_extendqisi2
 434 001c 1B49     		ldr	r1, .L24+12
 435 001e 01A8     		add	r0, sp, #4
 436 0020 FFF7FEFF 		bl	sprintf
 437              	.LVL37:
 383:Src/main.c    **** /*
 438              		.loc 1 383 0 discriminator 3
 439 0024 0A23     		movs	r3, #10
 440 0026 0122     		movs	r2, #1
 441 0028 01A9     		add	r1, sp, #4
 442 002a 1948     		ldr	r0, .L24+16
 443 002c FFF7FEFF 		bl	HAL_UART_Transmit
 444              	.LVL38:
 379:Src/main.c    **** 	{
 445              		.loc 1 379 0 discriminator 3
ARM GAS  /tmp/ccQoL6vJ.s 			page 17


 446 0030 0134     		adds	r4, r4, #1
 447              	.LVL39:
 448 0032 00E0     		b	.L17
 449              	.LVL40:
 450              	.L22:
 451              	.LBE6:
 452 0034 0024     		movs	r4, #0
 453              	.L17:
 454              	.LVL41:
 455              	.LBB7:
 379:Src/main.c    **** 	{
 456              		.loc 1 379 0 is_stmt 0 discriminator 1
 457 0036 174B     		ldr	r3, .L24+20
 458 0038 1B78     		ldrb	r3, [r3]	@ zero_extendqisi2
 459 003a 9C42     		cmp	r4, r3
 460 003c ECDB     		blt	.L19
 461              	.LBE7:
 401:Src/main.c    **** 	/*Ê∏ÖÁ©∫Êé•Êî∂ÁºìÂ≠òÂå∫*/
 462              		.loc 1 401 0 is_stmt 1
 463 003e 0A23     		movs	r3, #10
 464 0040 0222     		movs	r2, #2
 465 0042 1549     		ldr	r1, .L24+24
 466 0044 1248     		ldr	r0, .L24+16
 467 0046 FFF7FEFF 		bl	HAL_UART_Transmit
 468              	.LVL42:
 469              	.LBB8:
 403:Src/main.c    **** 	  ReceiveBuff[i]=0;
 470              		.loc 1 403 0
 471 004a 0023     		movs	r3, #0
 472 004c 03E0     		b	.L20
 473              	.LVL43:
 474              	.L21:
 404:Src/main.c    **** 	/*Êé•Êî∂Êï∞ÊçÆÈïøÂ∫¶Ê∏ÖÈõ∂*/
 475              		.loc 1 404 0 discriminator 3
 476 004e 0021     		movs	r1, #0
 477 0050 0D4A     		ldr	r2, .L24+8
 478 0052 D154     		strb	r1, [r2, r3]
 403:Src/main.c    **** 	  ReceiveBuff[i]=0;
 479              		.loc 1 403 0 discriminator 3
 480 0054 0133     		adds	r3, r3, #1
 481              	.LVL44:
 482              	.L20:
 403:Src/main.c    **** 	  ReceiveBuff[i]=0;
 483              		.loc 1 403 0 is_stmt 0 discriminator 1
 484 0056 0F4A     		ldr	r2, .L24+20
 485 0058 1278     		ldrb	r2, [r2]	@ zero_extendqisi2
 486 005a 9342     		cmp	r3, r2
 487 005c F7DB     		blt	.L21
 488              	.LBE8:
 406:Src/main.c    **** 	recv_end_flag=0;
 489              		.loc 1 406 0 is_stmt 1
 490 005e 0023     		movs	r3, #0
 491              	.LVL45:
 492 0060 0C4A     		ldr	r2, .L24+20
 493 0062 1370     		strb	r3, [r2]
 407:Src/main.c    ****   }
 494              		.loc 1 407 0
ARM GAS  /tmp/ccQoL6vJ.s 			page 18


 495 0064 074A     		ldr	r2, .L24+4
 496 0066 1370     		strb	r3, [r2]
 497              	.LVL46:
 498              	.L18:
 410:Src/main.c    **** 
 499              		.loc 1 410 0
 500 0068 FF22     		movs	r2, #255
 501 006a 0749     		ldr	r1, .L24+8
 502 006c 0B48     		ldr	r0, .L24+28
 503 006e FFF7FEFF 		bl	HAL_UART_Receive_DMA
 504              	.LVL47:
 412:Src/main.c    **** }
 505              		.loc 1 412 0
 506 0072 0122     		movs	r2, #1
 507 0074 0421     		movs	r1, #4
 508 0076 0248     		ldr	r0, .L24
 509 0078 FFF7FEFF 		bl	HAL_GPIO_WritePin
 510              	.LVL48:
 413:Src/main.c    **** /* USER CODE END 4 */
 511              		.loc 1 413 0
 512 007c 02B0     		add	sp, sp, #8
 513              	.LCFI9:
 514              		.cfi_def_cfa_offset 8
 515              		@ sp needed
 516 007e 10BD     		pop	{r4, pc}
 517              	.L25:
 518              		.align	2
 519              	.L24:
 520 0080 00140140 		.word	1073812480
 521 0084 00000000 		.word	.LANCHOR0
 522 0088 00000000 		.word	ReceiveBuff
 523 008c D0000000 		.word	.LC14
 524 0090 00000000 		.word	huart1
 525 0094 00000000 		.word	Rx_len
 526 0098 D4000000 		.word	.LC15
 527 009c 00000000 		.word	huart2
 528              		.cfi_endproc
 529              	.LFE77:
 531              		.section	.text.Func_Task0,"ax",%progbits
 532              		.align	2
 533              		.global	Func_Task0
 534              		.thumb
 535              		.thumb_func
 537              	Func_Task0:
 538              	.LFB78:
 418:Src/main.c    **** 
 539              		.loc 1 418 0
 540              		.cfi_startproc
 541              		@ Volatile: function does not return.
 542              		@ args = 0, pretend = 0, frame = 0
 543              		@ frame_needed = 0, uses_anonymous_args = 0
 544              	.LVL49:
 545 0000 08B5     		push	{r3, lr}
 546              	.LCFI10:
 547              		.cfi_def_cfa_offset 8
 548              		.cfi_offset 3, -8
 549              		.cfi_offset 14, -4
ARM GAS  /tmp/ccQoL6vJ.s 			page 19


 550              	.LVL50:
 551              	.L27:
 424:Src/main.c    ****     uartdamget();
 552              		.loc 1 424 0 discriminator 1
 553 0002 4FF47A70 		mov	r0, #1000
 554 0006 FFF7FEFF 		bl	osDelay
 555              	.LVL51:
 425:Src/main.c    ****   }
 556              		.loc 1 425 0 discriminator 1
 557 000a FFF7FEFF 		bl	uartdamget
 558              	.LVL52:
 559 000e F8E7     		b	.L27
 560              		.cfi_endproc
 561              	.LFE78:
 563              		.section	.text.HAL_TIM_PeriodElapsedCallback,"ax",%progbits
 564              		.align	2
 565              		.global	HAL_TIM_PeriodElapsedCallback
 566              		.thumb
 567              		.thumb_func
 569              	HAL_TIM_PeriodElapsedCallback:
 570              	.LFB80:
 462:Src/main.c    ****   }
 463:Src/main.c    ****   /* USER CODE END Func_Task1 */
 464:Src/main.c    **** }
 465:Src/main.c    **** 
 466:Src/main.c    **** /**
 467:Src/main.c    ****   * @brief  Period elapsed callback in non blocking mode
 468:Src/main.c    ****   * @note   This function is called  when TIM4 interrupt took place, inside
 469:Src/main.c    ****   * HAL_TIM_IRQHandler(). It makes a direct call to HAL_IncTick() to increment
 470:Src/main.c    ****   * a global variable "uwTick" used as application time base.
 471:Src/main.c    ****   * @param  htim : TIM handle
 472:Src/main.c    ****   * @retval None
 473:Src/main.c    ****   */
 474:Src/main.c    **** void HAL_TIM_PeriodElapsedCallback(TIM_HandleTypeDef *htim)
 475:Src/main.c    **** {
 571              		.loc 1 475 0
 572              		.cfi_startproc
 573              		@ args = 0, pretend = 0, frame = 0
 574              		@ frame_needed = 0, uses_anonymous_args = 0
 575              	.LVL53:
 576 0000 08B5     		push	{r3, lr}
 577              	.LCFI11:
 578              		.cfi_def_cfa_offset 8
 579              		.cfi_offset 3, -8
 580              		.cfi_offset 14, -4
 476:Src/main.c    ****   /* USER CODE BEGIN Callback 0 */
 477:Src/main.c    **** 
 478:Src/main.c    ****   /* USER CODE END Callback 0 */
 479:Src/main.c    ****   if (htim->Instance == TIM4) {
 581              		.loc 1 479 0
 582 0002 0268     		ldr	r2, [r0]
 583 0004 024B     		ldr	r3, .L32
 584 0006 9A42     		cmp	r2, r3
 585 0008 01D1     		bne	.L29
 480:Src/main.c    ****     HAL_IncTick();
 586              		.loc 1 480 0
 587 000a FFF7FEFF 		bl	HAL_IncTick
ARM GAS  /tmp/ccQoL6vJ.s 			page 20


 588              	.LVL54:
 589              	.L29:
 590 000e 08BD     		pop	{r3, pc}
 591              	.L33:
 592              		.align	2
 593              	.L32:
 594 0010 00080040 		.word	1073743872
 595              		.cfi_endproc
 596              	.LFE80:
 598              		.section	.text._Error_Handler,"ax",%progbits
 599              		.align	2
 600              		.global	_Error_Handler
 601              		.thumb
 602              		.thumb_func
 604              	_Error_Handler:
 605              	.LFB81:
 481:Src/main.c    ****   }
 482:Src/main.c    ****   /* USER CODE BEGIN Callback 1 */
 483:Src/main.c    **** 
 484:Src/main.c    ****   /* USER CODE END Callback 1 */
 485:Src/main.c    **** }
 486:Src/main.c    **** 
 487:Src/main.c    **** /**
 488:Src/main.c    ****   * @brief  This function is executed in case of error occurrence.
 489:Src/main.c    ****   * @param  file: The file name as string.
 490:Src/main.c    ****   * @param  line: The line in file as a number.
 491:Src/main.c    ****   * @retval None
 492:Src/main.c    ****   */
 493:Src/main.c    **** void _Error_Handler(char *file, int line)
 494:Src/main.c    **** {
 606              		.loc 1 494 0
 607              		.cfi_startproc
 608              		@ Volatile: function does not return.
 609              		@ args = 0, pretend = 0, frame = 0
 610              		@ frame_needed = 0, uses_anonymous_args = 0
 611              		@ link register save eliminated.
 612              	.LVL55:
 613              	.L35:
 614 0000 FEE7     		b	.L35
 615              		.cfi_endproc
 616              	.LFE81:
 618 0002 00BF     		.section	.text.MX_USART1_UART_Init,"ax",%progbits
 619              		.align	2
 620              		.thumb
 621              		.thumb_func
 623              	MX_USART1_UART_Init:
 624              	.LFB72:
 265:Src/main.c    **** 
 625              		.loc 1 265 0
 626              		.cfi_startproc
 627              		@ args = 0, pretend = 0, frame = 0
 628              		@ frame_needed = 0, uses_anonymous_args = 0
 265:Src/main.c    **** 
 629              		.loc 1 265 0
 630 0000 08B5     		push	{r3, lr}
 631              	.LCFI12:
 632              		.cfi_def_cfa_offset 8
ARM GAS  /tmp/ccQoL6vJ.s 			page 21


 633              		.cfi_offset 3, -8
 634              		.cfi_offset 14, -4
 267:Src/main.c    ****   huart1.Init.BaudRate = 115200;
 635              		.loc 1 267 0
 636 0002 0B48     		ldr	r0, .L39
 637 0004 0B4B     		ldr	r3, .L39+4
 638 0006 0360     		str	r3, [r0]
 268:Src/main.c    ****   huart1.Init.WordLength = UART_WORDLENGTH_8B;
 639              		.loc 1 268 0
 640 0008 4FF4E133 		mov	r3, #115200
 641 000c 4360     		str	r3, [r0, #4]
 269:Src/main.c    ****   huart1.Init.StopBits = UART_STOPBITS_1;
 642              		.loc 1 269 0
 643 000e 0023     		movs	r3, #0
 644 0010 8360     		str	r3, [r0, #8]
 270:Src/main.c    ****   huart1.Init.Parity = UART_PARITY_NONE;
 645              		.loc 1 270 0
 646 0012 C360     		str	r3, [r0, #12]
 271:Src/main.c    ****   huart1.Init.Mode = UART_MODE_TX_RX;
 647              		.loc 1 271 0
 648 0014 0361     		str	r3, [r0, #16]
 272:Src/main.c    ****   huart1.Init.HwFlowCtl = UART_HWCONTROL_NONE;
 649              		.loc 1 272 0
 650 0016 0C22     		movs	r2, #12
 651 0018 4261     		str	r2, [r0, #20]
 273:Src/main.c    ****   huart1.Init.OverSampling = UART_OVERSAMPLING_16;
 652              		.loc 1 273 0
 653 001a 8361     		str	r3, [r0, #24]
 274:Src/main.c    ****   if (HAL_UART_Init(&huart1) != HAL_OK)
 654              		.loc 1 274 0
 655 001c C361     		str	r3, [r0, #28]
 275:Src/main.c    ****   {
 656              		.loc 1 275 0
 657 001e FFF7FEFF 		bl	HAL_UART_Init
 658              	.LVL56:
 659 0022 20B1     		cbz	r0, .L36
 277:Src/main.c    ****   }
 660              		.loc 1 277 0
 661 0024 40F21511 		movw	r1, #277
 662 0028 0348     		ldr	r0, .L39+8
 663 002a FFF7FEFF 		bl	_Error_Handler
 664              	.LVL57:
 665              	.L36:
 666 002e 08BD     		pop	{r3, pc}
 667              	.L40:
 668              		.align	2
 669              	.L39:
 670 0030 00000000 		.word	huart1
 671 0034 00380140 		.word	1073821696
 672 0038 D8000000 		.word	.LC16
 673              		.cfi_endproc
 674              	.LFE72:
 676              		.section	.text.MX_USART2_UART_Init,"ax",%progbits
 677              		.align	2
 678              		.thumb
 679              		.thumb_func
 681              	MX_USART2_UART_Init:
ARM GAS  /tmp/ccQoL6vJ.s 			page 22


 682              	.LFB73:
 284:Src/main.c    **** 
 683              		.loc 1 284 0
 684              		.cfi_startproc
 685              		@ args = 0, pretend = 0, frame = 0
 686              		@ frame_needed = 0, uses_anonymous_args = 0
 687 0000 08B5     		push	{r3, lr}
 688              	.LCFI13:
 689              		.cfi_def_cfa_offset 8
 690              		.cfi_offset 3, -8
 691              		.cfi_offset 14, -4
 286:Src/main.c    ****   huart2.Init.BaudRate = 115200;
 692              		.loc 1 286 0
 693 0002 0B48     		ldr	r0, .L44
 694 0004 0B4B     		ldr	r3, .L44+4
 695 0006 0360     		str	r3, [r0]
 287:Src/main.c    ****   huart2.Init.WordLength = UART_WORDLENGTH_8B;
 696              		.loc 1 287 0
 697 0008 4FF4E133 		mov	r3, #115200
 698 000c 4360     		str	r3, [r0, #4]
 288:Src/main.c    ****   huart2.Init.StopBits = UART_STOPBITS_1;
 699              		.loc 1 288 0
 700 000e 0023     		movs	r3, #0
 701 0010 8360     		str	r3, [r0, #8]
 289:Src/main.c    ****   huart2.Init.Parity = UART_PARITY_NONE;
 702              		.loc 1 289 0
 703 0012 C360     		str	r3, [r0, #12]
 290:Src/main.c    ****   huart2.Init.Mode = UART_MODE_TX_RX;
 704              		.loc 1 290 0
 705 0014 0361     		str	r3, [r0, #16]
 291:Src/main.c    ****   huart2.Init.HwFlowCtl = UART_HWCONTROL_NONE;
 706              		.loc 1 291 0
 707 0016 0C22     		movs	r2, #12
 708 0018 4261     		str	r2, [r0, #20]
 292:Src/main.c    ****   huart2.Init.OverSampling = UART_OVERSAMPLING_16;
 709              		.loc 1 292 0
 710 001a 8361     		str	r3, [r0, #24]
 293:Src/main.c    ****   if (HAL_UART_Init(&huart2) != HAL_OK)
 711              		.loc 1 293 0
 712 001c C361     		str	r3, [r0, #28]
 294:Src/main.c    ****   {
 713              		.loc 1 294 0
 714 001e FFF7FEFF 		bl	HAL_UART_Init
 715              	.LVL58:
 716 0022 20B1     		cbz	r0, .L41
 296:Src/main.c    ****   }
 717              		.loc 1 296 0
 718 0024 4FF49471 		mov	r1, #296
 719 0028 0348     		ldr	r0, .L44+8
 720 002a FFF7FEFF 		bl	_Error_Handler
 721              	.LVL59:
 722              	.L41:
 723 002e 08BD     		pop	{r3, pc}
 724              	.L45:
 725              		.align	2
 726              	.L44:
 727 0030 00000000 		.word	huart2
ARM GAS  /tmp/ccQoL6vJ.s 			page 23


 728 0034 00440040 		.word	1073759232
 729 0038 D8000000 		.word	.LC16
 730              		.cfi_endproc
 731              	.LFE73:
 733              		.section	.text.MX_USART3_UART_Init,"ax",%progbits
 734              		.align	2
 735              		.thumb
 736              		.thumb_func
 738              	MX_USART3_UART_Init:
 739              	.LFB74:
 303:Src/main.c    **** 
 740              		.loc 1 303 0
 741              		.cfi_startproc
 742              		@ args = 0, pretend = 0, frame = 0
 743              		@ frame_needed = 0, uses_anonymous_args = 0
 744 0000 08B5     		push	{r3, lr}
 745              	.LCFI14:
 746              		.cfi_def_cfa_offset 8
 747              		.cfi_offset 3, -8
 748              		.cfi_offset 14, -4
 305:Src/main.c    ****   huart3.Init.BaudRate = 115200;
 749              		.loc 1 305 0
 750 0002 0B48     		ldr	r0, .L49
 751 0004 0B4B     		ldr	r3, .L49+4
 752 0006 0360     		str	r3, [r0]
 306:Src/main.c    ****   huart3.Init.WordLength = UART_WORDLENGTH_8B;
 753              		.loc 1 306 0
 754 0008 4FF4E133 		mov	r3, #115200
 755 000c 4360     		str	r3, [r0, #4]
 307:Src/main.c    ****   huart3.Init.StopBits = UART_STOPBITS_1;
 756              		.loc 1 307 0
 757 000e 0023     		movs	r3, #0
 758 0010 8360     		str	r3, [r0, #8]
 308:Src/main.c    ****   huart3.Init.Parity = UART_PARITY_NONE;
 759              		.loc 1 308 0
 760 0012 C360     		str	r3, [r0, #12]
 309:Src/main.c    ****   huart3.Init.Mode = UART_MODE_TX_RX;
 761              		.loc 1 309 0
 762 0014 0361     		str	r3, [r0, #16]
 310:Src/main.c    ****   huart3.Init.HwFlowCtl = UART_HWCONTROL_NONE;
 763              		.loc 1 310 0
 764 0016 0C22     		movs	r2, #12
 765 0018 4261     		str	r2, [r0, #20]
 311:Src/main.c    ****   huart3.Init.OverSampling = UART_OVERSAMPLING_16;
 766              		.loc 1 311 0
 767 001a 8361     		str	r3, [r0, #24]
 312:Src/main.c    ****   if (HAL_UART_Init(&huart3) != HAL_OK)
 768              		.loc 1 312 0
 769 001c C361     		str	r3, [r0, #28]
 313:Src/main.c    ****   {
 770              		.loc 1 313 0
 771 001e FFF7FEFF 		bl	HAL_UART_Init
 772              	.LVL60:
 773 0022 20B1     		cbz	r0, .L46
 315:Src/main.c    ****   }
 774              		.loc 1 315 0
 775 0024 40F23B11 		movw	r1, #315
ARM GAS  /tmp/ccQoL6vJ.s 			page 24


 776 0028 0348     		ldr	r0, .L49+8
 777 002a FFF7FEFF 		bl	_Error_Handler
 778              	.LVL61:
 779              	.L46:
 780 002e 08BD     		pop	{r3, pc}
 781              	.L50:
 782              		.align	2
 783              	.L49:
 784 0030 00000000 		.word	huart3
 785 0034 00480040 		.word	1073760256
 786 0038 D8000000 		.word	.LC16
 787              		.cfi_endproc
 788              	.LFE74:
 790              		.section	.text.SystemClock_Config,"ax",%progbits
 791              		.align	2
 792              		.global	SystemClock_Config
 793              		.thumb
 794              		.thumb_func
 796              	SystemClock_Config:
 797              	.LFB70:
 198:Src/main.c    **** 
 798              		.loc 1 198 0
 799              		.cfi_startproc
 800              		@ args = 0, pretend = 0, frame = 64
 801              		@ frame_needed = 0, uses_anonymous_args = 0
 802 0000 00B5     		push	{lr}
 803              	.LCFI15:
 804              		.cfi_def_cfa_offset 4
 805              		.cfi_offset 14, -4
 806 0002 91B0     		sub	sp, sp, #68
 807              	.LCFI16:
 808              		.cfi_def_cfa_offset 72
 205:Src/main.c    ****   RCC_OscInitStruct.HSEState = RCC_HSE_ON;
 809              		.loc 1 205 0
 810 0004 0122     		movs	r2, #1
 811 0006 0692     		str	r2, [sp, #24]
 206:Src/main.c    ****   RCC_OscInitStruct.HSEPredivValue = RCC_HSE_PREDIV_DIV1;
 812              		.loc 1 206 0
 813 0008 4FF48033 		mov	r3, #65536
 814 000c 0793     		str	r3, [sp, #28]
 207:Src/main.c    ****   RCC_OscInitStruct.HSIState = RCC_HSI_ON;
 815              		.loc 1 207 0
 816 000e 0021     		movs	r1, #0
 817 0010 0891     		str	r1, [sp, #32]
 208:Src/main.c    ****   RCC_OscInitStruct.PLL.PLLState = RCC_PLL_ON;
 818              		.loc 1 208 0
 819 0012 0A92     		str	r2, [sp, #40]
 209:Src/main.c    ****   RCC_OscInitStruct.PLL.PLLSource = RCC_PLLSOURCE_HSE;
 820              		.loc 1 209 0
 821 0014 0222     		movs	r2, #2
 822 0016 0D92     		str	r2, [sp, #52]
 210:Src/main.c    ****   RCC_OscInitStruct.PLL.PLLMUL = RCC_PLL_MUL9;
 823              		.loc 1 210 0
 824 0018 0E93     		str	r3, [sp, #56]
 211:Src/main.c    ****   if (HAL_RCC_OscConfig(&RCC_OscInitStruct) != HAL_OK)
 825              		.loc 1 211 0
 826 001a 4FF4E013 		mov	r3, #1835008
ARM GAS  /tmp/ccQoL6vJ.s 			page 25


 827 001e 0F93     		str	r3, [sp, #60]
 212:Src/main.c    ****   {
 828              		.loc 1 212 0
 829 0020 06A8     		add	r0, sp, #24
 830 0022 FFF7FEFF 		bl	HAL_RCC_OscConfig
 831              	.LVL62:
 832 0026 18B1     		cbz	r0, .L52
 214:Src/main.c    ****   }
 833              		.loc 1 214 0
 834 0028 D621     		movs	r1, #214
 835 002a 1448     		ldr	r0, .L55
 836 002c FFF7FEFF 		bl	_Error_Handler
 837              	.LVL63:
 838              	.L52:
 219:Src/main.c    ****                               |RCC_CLOCKTYPE_PCLK1|RCC_CLOCKTYPE_PCLK2;
 839              		.loc 1 219 0
 840 0030 0F23     		movs	r3, #15
 841 0032 0193     		str	r3, [sp, #4]
 221:Src/main.c    ****   RCC_ClkInitStruct.AHBCLKDivider = RCC_SYSCLK_DIV1;
 842              		.loc 1 221 0
 843 0034 0221     		movs	r1, #2
 844 0036 0291     		str	r1, [sp, #8]
 222:Src/main.c    ****   RCC_ClkInitStruct.APB1CLKDivider = RCC_HCLK_DIV2;
 845              		.loc 1 222 0
 846 0038 0023     		movs	r3, #0
 847 003a 0393     		str	r3, [sp, #12]
 223:Src/main.c    ****   RCC_ClkInitStruct.APB2CLKDivider = RCC_HCLK_DIV1;
 848              		.loc 1 223 0
 849 003c 4FF48062 		mov	r2, #1024
 850 0040 0492     		str	r2, [sp, #16]
 224:Src/main.c    **** 
 851              		.loc 1 224 0
 852 0042 0593     		str	r3, [sp, #20]
 226:Src/main.c    ****   {
 853              		.loc 1 226 0
 854 0044 01A8     		add	r0, sp, #4
 855 0046 FFF7FEFF 		bl	HAL_RCC_ClockConfig
 856              	.LVL64:
 857 004a 18B1     		cbz	r0, .L53
 228:Src/main.c    ****   }
 858              		.loc 1 228 0
 859 004c E421     		movs	r1, #228
 860 004e 0B48     		ldr	r0, .L55
 861 0050 FFF7FEFF 		bl	_Error_Handler
 862              	.LVL65:
 863              	.L53:
 233:Src/main.c    **** 
 864              		.loc 1 233 0
 865 0054 FFF7FEFF 		bl	HAL_RCC_GetHCLKFreq
 866              	.LVL66:
 867 0058 094B     		ldr	r3, .L55+4
 868 005a A3FB0030 		umull	r3, r0, r3, r0
 869 005e 8009     		lsrs	r0, r0, #6
 870 0060 FFF7FEFF 		bl	HAL_SYSTICK_Config
 871              	.LVL67:
 237:Src/main.c    **** 
 872              		.loc 1 237 0
ARM GAS  /tmp/ccQoL6vJ.s 			page 26


 873 0064 0420     		movs	r0, #4
 874 0066 FFF7FEFF 		bl	HAL_SYSTICK_CLKSourceConfig
 875              	.LVL68:
 240:Src/main.c    **** }
 876              		.loc 1 240 0
 877 006a 0022     		movs	r2, #0
 878 006c 0F21     		movs	r1, #15
 879 006e 4FF0FF30 		mov	r0, #-1
 880 0072 FFF7FEFF 		bl	HAL_NVIC_SetPriority
 881              	.LVL69:
 241:Src/main.c    **** 
 882              		.loc 1 241 0
 883 0076 11B0     		add	sp, sp, #68
 884              	.LCFI17:
 885              		.cfi_def_cfa_offset 4
 886              		@ sp needed
 887 0078 5DF804FB 		ldr	pc, [sp], #4
 888              	.L56:
 889              		.align	2
 890              	.L55:
 891 007c D8000000 		.word	.LC16
 892 0080 D34D6210 		.word	274877907
 893              		.cfi_endproc
 894              	.LFE70:
 896              		.section	.text.main,"ax",%progbits
 897              		.align	2
 898              		.global	main
 899              		.thumb
 900              		.thumb_func
 902              	main:
 903              	.LFB69:
 108:Src/main.c    ****   /* USER CODE BEGIN 1 */
 904              		.loc 1 108 0
 905              		.cfi_startproc
 906              		@ args = 0, pretend = 0, frame = 40
 907              		@ frame_needed = 0, uses_anonymous_args = 0
 908 0000 70B5     		push	{r4, r5, r6, lr}
 909              	.LCFI18:
 910              		.cfi_def_cfa_offset 16
 911              		.cfi_offset 4, -16
 912              		.cfi_offset 5, -12
 913              		.cfi_offset 6, -8
 914              		.cfi_offset 14, -4
 915 0002 8AB0     		sub	sp, sp, #40
 916              	.LCFI19:
 917              		.cfi_def_cfa_offset 56
 116:Src/main.c    **** 
 918              		.loc 1 116 0
 919 0004 FFF7FEFF 		bl	HAL_Init
 920              	.LVL70:
 123:Src/main.c    **** 
 921              		.loc 1 123 0
 922 0008 FFF7FEFF 		bl	SystemClock_Config
 923              	.LVL71:
 130:Src/main.c    ****   MX_DMA_Init();
 924              		.loc 1 130 0
 925 000c FFF7FEFF 		bl	MX_GPIO_Init
ARM GAS  /tmp/ccQoL6vJ.s 			page 27


 926              	.LVL72:
 131:Src/main.c    ****   MX_USART1_UART_Init();
 927              		.loc 1 131 0
 928 0010 FFF7FEFF 		bl	MX_DMA_Init
 929              	.LVL73:
 132:Src/main.c    ****   MX_USART2_UART_Init();
 930              		.loc 1 132 0
 931 0014 FFF7FEFF 		bl	MX_USART1_UART_Init
 932              	.LVL74:
 133:Src/main.c    ****   MX_USART3_UART_Init();
 933              		.loc 1 133 0
 934 0018 FFF7FEFF 		bl	MX_USART2_UART_Init
 935              	.LVL75:
 134:Src/main.c    **** 
 936              		.loc 1 134 0
 937 001c FFF7FEFF 		bl	MX_USART3_UART_Init
 938              	.LVL76:
 137:Src/main.c    ****   /* USER CODE BEGIN 2 */
 939              		.loc 1 137 0
 940 0020 FFF7FEFF 		bl	MX_NVIC_Init
 941              	.LVL77:
 139:Src/main.c    ****   /*        ‰ΩøËÉΩ‰∏≤Âè£2 IDLE‰∏≠Êñ≠        */
 942              		.loc 1 139 0
 943 0024 0A23     		movs	r3, #10
 944 0026 0522     		movs	r2, #5
 945 0028 1249     		ldr	r1, .L60
 946 002a 1348     		ldr	r0, .L60+4
 947 002c FFF7FEFF 		bl	HAL_UART_Transmit
 948              	.LVL78:
 141:Src/main.c    ****   /* USER CODE END 2 */
 949              		.loc 1 141 0
 950 0030 124B     		ldr	r3, .L60+8
 951 0032 1A68     		ldr	r2, [r3]
 952 0034 D368     		ldr	r3, [r2, #12]
 953 0036 43F01003 		orr	r3, r3, #16
 954 003a D360     		str	r3, [r2, #12]
 158:Src/main.c    ****   Task0Handle = osThreadCreate(osThread(Task0), NULL);
 955              		.loc 1 158 0
 956 003c 104C     		ldr	r4, .L60+12
 957 003e 05AD     		add	r5, sp, #20
 958 0040 2646     		mov	r6, r4
 959 0042 0FCE     		ldmia	r6!, {r0, r1, r2, r3}
 960 0044 0FC5     		stmia	r5!, {r0, r1, r2, r3}
 961 0046 3368     		ldr	r3, [r6]
 962 0048 2B60     		str	r3, [r5]
 159:Src/main.c    **** 
 963              		.loc 1 159 0
 964 004a 0021     		movs	r1, #0
 965 004c 05A8     		add	r0, sp, #20
 966 004e FFF7FEFF 		bl	osThreadCreate
 967              	.LVL79:
 968 0052 0C4B     		ldr	r3, .L60+16
 969 0054 1860     		str	r0, [r3]
 162:Src/main.c    ****   Task1Handle = osThreadCreate(osThread(Task1), NULL);
 970              		.loc 1 162 0
 971 0056 6D46     		mov	r5, sp
 972 0058 1434     		adds	r4, r4, #20
ARM GAS  /tmp/ccQoL6vJ.s 			page 28


 973 005a 0FCC     		ldmia	r4!, {r0, r1, r2, r3}
 974 005c 0FC5     		stmia	r5!, {r0, r1, r2, r3}
 975 005e 2368     		ldr	r3, [r4]
 976 0060 2B60     		str	r3, [r5]
 163:Src/main.c    **** 
 977              		.loc 1 163 0
 978 0062 0021     		movs	r1, #0
 979 0064 6846     		mov	r0, sp
 980 0066 FFF7FEFF 		bl	osThreadCreate
 981              	.LVL80:
 982 006a 074B     		ldr	r3, .L60+20
 983 006c 1860     		str	r0, [r3]
 175:Src/main.c    ****   
 984              		.loc 1 175 0
 985 006e FFF7FEFF 		bl	osKernelStart
 986              	.LVL81:
 987              	.L58:
 988 0072 FEE7     		b	.L58
 989              	.L61:
 990              		.align	2
 991              	.L60:
 992 0074 E4000000 		.word	.LC17
 993 0078 00000000 		.word	huart1
 994 007c 00000000 		.word	huart2
 995 0080 00000000 		.word	.LANCHOR1
 996 0084 00000000 		.word	Task0Handle
 997 0088 00000000 		.word	Task1Handle
 998              		.cfi_endproc
 999              	.LFE69:
 1001              		.comm	Rx_len,1,1
 1002              		.global	recv_end_flag
 1003              		.comm	ReceiveBuff,255,4
 1004              		.global	aRxBuffer2_Data_Index
 1005              		.global	aRxBuffer2_Data_flag
 1006              		.comm	aRxBuffer2_Data,4,4
 1007              		.comm	aRxBuffer3,1,4
 1008              		.comm	aRxBuffer2,1,4
 1009              		.comm	aRxBuffer1,1,4
 1010              		.comm	Task1Handle,4,4
 1011              		.comm	Task0Handle,4,4
 1012              		.comm	hdma_usart2_rx,68,4
 1013              		.comm	huart3,64,4
 1014              		.comm	huart2,64,4
 1015              		.comm	huart1,64,4
 1016              		.section	.rodata
 1017              		.align	2
 1018              		.set	.LANCHOR1,. + 0
 1019              	.LC18:
 1020 0000 F4000000 		.word	.LC0
 1021 0004 00000000 		.word	Func_Task0
 1022 0008 0000     		.short	0
 1023 000a 0000     		.space	2
 1024 000c 00000000 		.word	0
 1025 0010 00010000 		.word	256
 1026              	.LC19:
 1027 0014 EC000000 		.word	.LC2
 1028 0018 00000000 		.word	Func_Task1
ARM GAS  /tmp/ccQoL6vJ.s 			page 29


 1029 001c 0000     		.short	0
 1030 001e 0000     		.space	2
 1031 0020 00000000 		.word	0
 1032 0024 00010000 		.word	256
 1033              		.section	.bss.aRxBuffer2_Data_flag,"aw",%nobits
 1036              	aRxBuffer2_Data_flag:
 1037 0000 00       		.space	1
 1038              		.section	.rodata.str1.4,"aMS",%progbits,1
 1039              		.align	2
 1040              	.LC4:
 1041 0000 0D0A4675 		.ascii	"\015\012Func_Task1 ESP8266 Client\015\012\000"
 1041      6E635F54 
 1041      61736B31 
 1041      20455350 
 1041      38323636 
 1042 001e 0000     		.space	2
 1043              	.LC5:
 1044 0020 41542B43 		.ascii	"AT+CWMODE=1\015\012\000"
 1044      574D4F44 
 1044      453D310D 
 1044      0A00
 1045 002e 0000     		.space	2
 1046              	.LC6:
 1047 0030 41542B52 		.ascii	"AT+RST\015\012\000"
 1047      53540D0A 
 1047      00
 1048 0039 000000   		.space	3
 1049              	.LC7:
 1050 003c 41542B43 		.ascii	"AT+CIPMUX=0\015\012\000"
 1050      49504D55 
 1050      583D300D 
 1050      0A00
 1051 004a 0000     		.space	2
 1052              	.LC8:
 1053 004c 41542B43 		.ascii	"AT+CWJAP=\"PYY_8266\",\"12345678\"\015\012\000"
 1053      574A4150 
 1053      3D225059 
 1053      595F3832 
 1053      3636222C 
 1054 006d 000000   		.space	3
 1055              	.LC9:
 1056 0070 41542B43 		.ascii	"AT+CIPSTART=\"TCP\",\"192.168.4.1\",333\015\012\000"
 1056      49505354 
 1056      4152543D 
 1056      22544350 
 1056      222C2231 
 1057 0096 0000     		.space	2
 1058              	.LC10:
 1059 0098 41542B43 		.ascii	"AT+CIPSEND=7\015\012\000"
 1059      49505345 
 1059      4E443D37 
 1059      0D0A00
 1060 00a7 00       		.space	1
 1061              	.LC11:
 1062 00a8 31324D59 		.ascii	"12MYDAT\015\012\000"
 1062      4441540D 
 1062      0A00
ARM GAS  /tmp/ccQoL6vJ.s 			page 30


 1063 00b2 0000     		.space	2
 1064              	.LC12:
 1065 00b4 0D0A4649 		.ascii	"\015\012FINISHED\015\012\000"
 1065      4E495348 
 1065      45440D0A 
 1065      00
 1066 00c1 000000   		.space	3
 1067              	.LC13:
 1068 00c4 39384D59 		.ascii	"98MYDAT\015\012\000"
 1068      4441540D 
 1068      0A00
 1069 00ce 0000     		.space	2
 1070              	.LC14:
 1071 00d0 256300   		.ascii	"%c\000"
 1072 00d3 00       		.space	1
 1073              	.LC15:
 1074 00d4 0D0A00   		.ascii	"\015\012\000"
 1075 00d7 00       		.space	1
 1076              	.LC16:
 1077 00d8 5372632F 		.ascii	"Src/main.c\000"
 1077      6D61696E 
 1077      2E6300
 1078 00e3 00       		.space	1
 1079              	.LC17:
 1080 00e4 444D410D 		.ascii	"DMA\015\012\000"
 1080      0A00
 1081 00ea 0000     		.space	2
 1082              	.LC2:
 1083 00ec 5461736B 		.ascii	"Task1\000"
 1083      3100
 1084 00f2 0000     		.space	2
 1085              	.LC0:
 1086 00f4 5461736B 		.ascii	"Task0\000"
 1086      3000
 1087              		.section	.bss.aRxBuffer2_Data_Index,"aw",%nobits
 1090              	aRxBuffer2_Data_Index:
 1091 0000 00       		.space	1
 1092              		.section	.bss.recv_end_flag,"aw",%nobits
 1093              		.set	.LANCHOR0,. + 0
 1096              	recv_end_flag:
 1097 0000 00       		.space	1
 1098              		.text
 1099              	.Letext0:
 1100              		.file 2 "/home/user/Library/gcc-arm-none-eabi-5_4-2016q3/arm-none-eabi/include/machine/_default_ty
 1101              		.file 3 "/home/user/Library/gcc-arm-none-eabi-5_4-2016q3/arm-none-eabi/include/sys/_stdint.h"
 1102              		.file 4 "Drivers/CMSIS/Device/ST/STM32F1xx/Include/stm32f103xe.h"
 1103              		.file 5 "Drivers/STM32F1xx_HAL_Driver/Inc/stm32f1xx_hal_def.h"
 1104              		.file 6 "Drivers/STM32F1xx_HAL_Driver/Inc/stm32f1xx_hal_rcc.h"
 1105              		.file 7 "Drivers/STM32F1xx_HAL_Driver/Inc/stm32f1xx_hal_rcc_ex.h"
 1106              		.file 8 "Drivers/STM32F1xx_HAL_Driver/Inc/stm32f1xx_hal_gpio.h"
 1107              		.file 9 "Drivers/STM32F1xx_HAL_Driver/Inc/stm32f1xx_hal_dma.h"
 1108              		.file 10 "Drivers/STM32F1xx_HAL_Driver/Inc/stm32f1xx_hal_tim.h"
 1109              		.file 11 "Drivers/STM32F1xx_HAL_Driver/Inc/stm32f1xx_hal_uart.h"
 1110              		.file 12 "Middlewares/Third_Party/FreeRTOS/Source/include/task.h"
 1111              		.file 13 "Middlewares/Third_Party/FreeRTOS/Source/CMSIS_RTOS/cmsis_os.h"
 1112              		.file 14 "Drivers/CMSIS/Include/core_cm3.h"
 1113              		.file 15 "Drivers/STM32F1xx_HAL_Driver/Inc/stm32f1xx_hal_cortex.h"
ARM GAS  /tmp/ccQoL6vJ.s 			page 31


 1114              		.file 16 "/home/user/Library/gcc-arm-none-eabi-5_4-2016q3/arm-none-eabi/include/stdio.h"
 1115              		.file 17 "Drivers/STM32F1xx_HAL_Driver/Inc/stm32f1xx_hal.h"
ARM GAS  /tmp/ccQoL6vJ.s 			page 32


DEFINED SYMBOLS
                            *ABS*:00000000 main.c
     /tmp/ccQoL6vJ.s:20     .text.MX_DMA_Init:00000000 $t
     /tmp/ccQoL6vJ.s:24     .text.MX_DMA_Init:00000000 MX_DMA_Init
     /tmp/ccQoL6vJ.s:55     .text.MX_DMA_Init:0000001c $d
     /tmp/ccQoL6vJ.s:60     .text.MX_GPIO_Init:00000000 $t
     /tmp/ccQoL6vJ.s:64     .text.MX_GPIO_Init:00000000 MX_GPIO_Init
     /tmp/ccQoL6vJ.s:167    .text.MX_GPIO_Init:0000008c $d
     /tmp/ccQoL6vJ.s:174    .text.MX_NVIC_Init:00000000 $t
     /tmp/ccQoL6vJ.s:178    .text.MX_NVIC_Init:00000000 MX_NVIC_Init
     /tmp/ccQoL6vJ.s:234    .text.Func_Task1:00000000 $t
     /tmp/ccQoL6vJ.s:239    .text.Func_Task1:00000000 Func_Task1
     /tmp/ccQoL6vJ.s:380    .text.Func_Task1:000000d8 $d
                            *COM*:00000040 huart2
                            *COM*:00000001 aRxBuffer2
                            *COM*:00000040 huart1
     /tmp/ccQoL6vJ.s:397    .text.uartdamget:00000000 $t
     /tmp/ccQoL6vJ.s:402    .text.uartdamget:00000000 uartdamget
     /tmp/ccQoL6vJ.s:520    .text.uartdamget:00000080 $d
                            *COM*:000000ff ReceiveBuff
                            *COM*:00000001 Rx_len
     /tmp/ccQoL6vJ.s:532    .text.Func_Task0:00000000 $t
     /tmp/ccQoL6vJ.s:537    .text.Func_Task0:00000000 Func_Task0
     /tmp/ccQoL6vJ.s:564    .text.HAL_TIM_PeriodElapsedCallback:00000000 $t
     /tmp/ccQoL6vJ.s:569    .text.HAL_TIM_PeriodElapsedCallback:00000000 HAL_TIM_PeriodElapsedCallback
     /tmp/ccQoL6vJ.s:594    .text.HAL_TIM_PeriodElapsedCallback:00000010 $d
     /tmp/ccQoL6vJ.s:599    .text._Error_Handler:00000000 $t
     /tmp/ccQoL6vJ.s:604    .text._Error_Handler:00000000 _Error_Handler
     /tmp/ccQoL6vJ.s:619    .text.MX_USART1_UART_Init:00000000 $t
     /tmp/ccQoL6vJ.s:623    .text.MX_USART1_UART_Init:00000000 MX_USART1_UART_Init
     /tmp/ccQoL6vJ.s:670    .text.MX_USART1_UART_Init:00000030 $d
     /tmp/ccQoL6vJ.s:677    .text.MX_USART2_UART_Init:00000000 $t
     /tmp/ccQoL6vJ.s:681    .text.MX_USART2_UART_Init:00000000 MX_USART2_UART_Init
     /tmp/ccQoL6vJ.s:727    .text.MX_USART2_UART_Init:00000030 $d
     /tmp/ccQoL6vJ.s:734    .text.MX_USART3_UART_Init:00000000 $t
     /tmp/ccQoL6vJ.s:738    .text.MX_USART3_UART_Init:00000000 MX_USART3_UART_Init
     /tmp/ccQoL6vJ.s:784    .text.MX_USART3_UART_Init:00000030 $d
                            *COM*:00000040 huart3
     /tmp/ccQoL6vJ.s:791    .text.SystemClock_Config:00000000 $t
     /tmp/ccQoL6vJ.s:796    .text.SystemClock_Config:00000000 SystemClock_Config
     /tmp/ccQoL6vJ.s:891    .text.SystemClock_Config:0000007c $d
     /tmp/ccQoL6vJ.s:897    .text.main:00000000 $t
     /tmp/ccQoL6vJ.s:902    .text.main:00000000 main
     /tmp/ccQoL6vJ.s:992    .text.main:00000074 $d
                            *COM*:00000004 Task0Handle
                            *COM*:00000004 Task1Handle
     /tmp/ccQoL6vJ.s:1096   .bss.recv_end_flag:00000000 recv_end_flag
     /tmp/ccQoL6vJ.s:1090   .bss.aRxBuffer2_Data_Index:00000000 aRxBuffer2_Data_Index
     /tmp/ccQoL6vJ.s:1036   .bss.aRxBuffer2_Data_flag:00000000 aRxBuffer2_Data_flag
                            *COM*:00000004 aRxBuffer2_Data
                            *COM*:00000001 aRxBuffer3
                            *COM*:00000001 aRxBuffer1
                            *COM*:00000044 hdma_usart2_rx
     /tmp/ccQoL6vJ.s:1017   .rodata:00000000 $d
     /tmp/ccQoL6vJ.s:1037   .bss.aRxBuffer2_Data_flag:00000000 $d
     /tmp/ccQoL6vJ.s:1039   .rodata.str1.4:00000000 $d
     /tmp/ccQoL6vJ.s:1091   .bss.aRxBuffer2_Data_Index:00000000 $d
ARM GAS  /tmp/ccQoL6vJ.s 			page 33


     /tmp/ccQoL6vJ.s:1097   .bss.recv_end_flag:00000000 $d
                     .debug_frame:00000010 $d

UNDEFINED SYMBOLS
HAL_GPIO_WritePin
HAL_GPIO_Init
HAL_NVIC_SetPriority
HAL_NVIC_EnableIRQ
HAL_UART_Receive_IT
HAL_UART_Transmit
osDelay
sprintf
HAL_UART_Receive_DMA
HAL_IncTick
HAL_UART_Init
HAL_RCC_OscConfig
HAL_RCC_ClockConfig
HAL_RCC_GetHCLKFreq
HAL_SYSTICK_Config
HAL_SYSTICK_CLKSourceConfig
HAL_Init
osThreadCreate
osKernelStart
