ARM GAS  /tmp/ccxeMnhY.s 			page 1


   1              		.syntax unified
   2              		.cpu cortex-m3
   3              		.fpu softvfp
   4              		.eabi_attribute 20, 1
   5              		.eabi_attribute 21, 1
   6              		.eabi_attribute 23, 3
   7              		.eabi_attribute 24, 1
   8              		.eabi_attribute 25, 1
   9              		.eabi_attribute 26, 1
  10              		.eabi_attribute 30, 1
  11              		.eabi_attribute 34, 1
  12              		.eabi_attribute 18, 4
  13              		.thumb
  14              		.syntax unified
  15              		.file	"stm32f1xx_hal_msp.c"
  16              		.text
  17              	.Ltext0:
  18              		.cfi_sections	.debug_frame
  19              		.section	.text.HAL_MspInit,"ax",%progbits
  20              		.align	2
  21              		.global	HAL_MspInit
  22              		.thumb
  23              		.thumb_func
  25              	HAL_MspInit:
  26              	.LFB64:
  27              		.file 1 "Src/stm32f1xx_hal_msp.c"
   1:Src/stm32f1xx_hal_msp.c **** /**
   2:Src/stm32f1xx_hal_msp.c ****   ******************************************************************************
   3:Src/stm32f1xx_hal_msp.c ****   * File Name          : stm32f1xx_hal_msp.c
   4:Src/stm32f1xx_hal_msp.c ****   * Description        : This file provides code for the MSP Initialization 
   5:Src/stm32f1xx_hal_msp.c ****   *                      and de-Initialization codes.
   6:Src/stm32f1xx_hal_msp.c ****   ******************************************************************************
   7:Src/stm32f1xx_hal_msp.c ****   * This notice applies to any and all portions of this file
   8:Src/stm32f1xx_hal_msp.c ****   * that are not between comment pairs USER CODE BEGIN and
   9:Src/stm32f1xx_hal_msp.c ****   * USER CODE END. Other portions of this file, whether 
  10:Src/stm32f1xx_hal_msp.c ****   * inserted by the user or by software development tools
  11:Src/stm32f1xx_hal_msp.c ****   * are owned by their respective copyright owners.
  12:Src/stm32f1xx_hal_msp.c ****   *
  13:Src/stm32f1xx_hal_msp.c ****   * Copyright (c) 2019 STMicroelectronics International N.V. 
  14:Src/stm32f1xx_hal_msp.c ****   * All rights reserved.
  15:Src/stm32f1xx_hal_msp.c ****   *
  16:Src/stm32f1xx_hal_msp.c ****   * Redistribution and use in source and binary forms, with or without 
  17:Src/stm32f1xx_hal_msp.c ****   * modification, are permitted, provided that the following conditions are met:
  18:Src/stm32f1xx_hal_msp.c ****   *
  19:Src/stm32f1xx_hal_msp.c ****   * 1. Redistribution of source code must retain the above copyright notice, 
  20:Src/stm32f1xx_hal_msp.c ****   *    this list of conditions and the following disclaimer.
  21:Src/stm32f1xx_hal_msp.c ****   * 2. Redistributions in binary form must reproduce the above copyright notice,
  22:Src/stm32f1xx_hal_msp.c ****   *    this list of conditions and the following disclaimer in the documentation
  23:Src/stm32f1xx_hal_msp.c ****   *    and/or other materials provided with the distribution.
  24:Src/stm32f1xx_hal_msp.c ****   * 3. Neither the name of STMicroelectronics nor the names of other 
  25:Src/stm32f1xx_hal_msp.c ****   *    contributors to this software may be used to endorse or promote products 
  26:Src/stm32f1xx_hal_msp.c ****   *    derived from this software without specific written permission.
  27:Src/stm32f1xx_hal_msp.c ****   * 4. This software, including modifications and/or derivative works of this 
  28:Src/stm32f1xx_hal_msp.c ****   *    software, must execute solely and exclusively on microcontroller or
  29:Src/stm32f1xx_hal_msp.c ****   *    microprocessor devices manufactured by or for STMicroelectronics.
  30:Src/stm32f1xx_hal_msp.c ****   * 5. Redistribution and use of this software other than as permitted under 
  31:Src/stm32f1xx_hal_msp.c ****   *    this license is void and will automatically terminate your rights under 
ARM GAS  /tmp/ccxeMnhY.s 			page 2


  32:Src/stm32f1xx_hal_msp.c ****   *    this license. 
  33:Src/stm32f1xx_hal_msp.c ****   *
  34:Src/stm32f1xx_hal_msp.c ****   * THIS SOFTWARE IS PROVIDED BY STMICROELECTRONICS AND CONTRIBUTORS "AS IS" 
  35:Src/stm32f1xx_hal_msp.c ****   * AND ANY EXPRESS, IMPLIED OR STATUTORY WARRANTIES, INCLUDING, BUT NOT 
  36:Src/stm32f1xx_hal_msp.c ****   * LIMITED TO, THE IMPLIED WARRANTIES OF MERCHANTABILITY, FITNESS FOR A 
  37:Src/stm32f1xx_hal_msp.c ****   * PARTICULAR PURPOSE AND NON-INFRINGEMENT OF THIRD PARTY INTELLECTUAL PROPERTY
  38:Src/stm32f1xx_hal_msp.c ****   * RIGHTS ARE DISCLAIMED TO THE FULLEST EXTENT PERMITTED BY LAW. IN NO EVENT 
  39:Src/stm32f1xx_hal_msp.c ****   * SHALL STMICROELECTRONICS OR CONTRIBUTORS BE LIABLE FOR ANY DIRECT, INDIRECT,
  40:Src/stm32f1xx_hal_msp.c ****   * INCIDENTAL, SPECIAL, EXEMPLARY, OR CONSEQUENTIAL DAMAGES (INCLUDING, BUT NOT
  41:Src/stm32f1xx_hal_msp.c ****   * LIMITED TO, PROCUREMENT OF SUBSTITUTE GOODS OR SERVICES; LOSS OF USE, DATA, 
  42:Src/stm32f1xx_hal_msp.c ****   * OR PROFITS; OR BUSINESS INTERRUPTION) HOWEVER CAUSED AND ON ANY THEORY OF 
  43:Src/stm32f1xx_hal_msp.c ****   * LIABILITY, WHETHER IN CONTRACT, STRICT LIABILITY, OR TORT (INCLUDING 
  44:Src/stm32f1xx_hal_msp.c ****   * NEGLIGENCE OR OTHERWISE) ARISING IN ANY WAY OUT OF THE USE OF THIS SOFTWARE,
  45:Src/stm32f1xx_hal_msp.c ****   * EVEN IF ADVISED OF THE POSSIBILITY OF SUCH DAMAGE.
  46:Src/stm32f1xx_hal_msp.c ****   *
  47:Src/stm32f1xx_hal_msp.c ****   ******************************************************************************
  48:Src/stm32f1xx_hal_msp.c ****   */
  49:Src/stm32f1xx_hal_msp.c **** /* Includes ------------------------------------------------------------------*/
  50:Src/stm32f1xx_hal_msp.c **** #include "stm32f1xx_hal.h"
  51:Src/stm32f1xx_hal_msp.c **** 
  52:Src/stm32f1xx_hal_msp.c **** extern DMA_HandleTypeDef hdma_usart2_rx;
  53:Src/stm32f1xx_hal_msp.c **** 
  54:Src/stm32f1xx_hal_msp.c **** extern void _Error_Handler(char *, int);
  55:Src/stm32f1xx_hal_msp.c **** /* USER CODE BEGIN 0 */
  56:Src/stm32f1xx_hal_msp.c **** 
  57:Src/stm32f1xx_hal_msp.c **** /* USER CODE END 0 */
  58:Src/stm32f1xx_hal_msp.c **** /**
  59:Src/stm32f1xx_hal_msp.c ****   * Initializes the Global MSP.
  60:Src/stm32f1xx_hal_msp.c ****   */
  61:Src/stm32f1xx_hal_msp.c **** void HAL_MspInit(void)
  62:Src/stm32f1xx_hal_msp.c **** {
  28              		.loc 1 62 0
  29              		.cfi_startproc
  30              		@ args = 0, pretend = 0, frame = 8
  31              		@ frame_needed = 0, uses_anonymous_args = 0
  32 0000 00B5     		push	{lr}
  33              	.LCFI0:
  34              		.cfi_def_cfa_offset 4
  35              		.cfi_offset 14, -4
  36 0002 83B0     		sub	sp, sp, #12
  37              	.LCFI1:
  38              		.cfi_def_cfa_offset 16
  39              	.LBB2:
  63:Src/stm32f1xx_hal_msp.c ****   /* USER CODE BEGIN MspInit 0 */
  64:Src/stm32f1xx_hal_msp.c **** 
  65:Src/stm32f1xx_hal_msp.c ****   /* USER CODE END MspInit 0 */
  66:Src/stm32f1xx_hal_msp.c **** 
  67:Src/stm32f1xx_hal_msp.c ****   __HAL_RCC_AFIO_CLK_ENABLE();
  40              		.loc 1 67 0
  41 0004 244B     		ldr	r3, .L3
  42 0006 9A69     		ldr	r2, [r3, #24]
  43 0008 42F00102 		orr	r2, r2, #1
  44 000c 9A61     		str	r2, [r3, #24]
  45 000e 9A69     		ldr	r2, [r3, #24]
  46 0010 02F00102 		and	r2, r2, #1
  47 0014 0092     		str	r2, [sp]
  48 0016 009A     		ldr	r2, [sp]
ARM GAS  /tmp/ccxeMnhY.s 			page 3


  49              	.LBE2:
  50              	.LBB3:
  68:Src/stm32f1xx_hal_msp.c ****   __HAL_RCC_PWR_CLK_ENABLE();
  51              		.loc 1 68 0
  52 0018 DA69     		ldr	r2, [r3, #28]
  53 001a 42F08052 		orr	r2, r2, #268435456
  54 001e DA61     		str	r2, [r3, #28]
  55 0020 DB69     		ldr	r3, [r3, #28]
  56 0022 03F08053 		and	r3, r3, #268435456
  57 0026 0193     		str	r3, [sp, #4]
  58 0028 019B     		ldr	r3, [sp, #4]
  59              	.LBE3:
  69:Src/stm32f1xx_hal_msp.c **** 
  70:Src/stm32f1xx_hal_msp.c ****   HAL_NVIC_SetPriorityGrouping(NVIC_PRIORITYGROUP_4);
  60              		.loc 1 70 0
  61 002a 0320     		movs	r0, #3
  62 002c FFF7FEFF 		bl	HAL_NVIC_SetPriorityGrouping
  63              	.LVL0:
  71:Src/stm32f1xx_hal_msp.c **** 
  72:Src/stm32f1xx_hal_msp.c ****   /* System interrupt init*/
  73:Src/stm32f1xx_hal_msp.c ****   /* MemoryManagement_IRQn interrupt configuration */
  74:Src/stm32f1xx_hal_msp.c ****   HAL_NVIC_SetPriority(MemoryManagement_IRQn, 0, 0);
  64              		.loc 1 74 0
  65 0030 0022     		movs	r2, #0
  66 0032 1146     		mov	r1, r2
  67 0034 6FF00B00 		mvn	r0, #11
  68 0038 FFF7FEFF 		bl	HAL_NVIC_SetPriority
  69              	.LVL1:
  75:Src/stm32f1xx_hal_msp.c ****   /* BusFault_IRQn interrupt configuration */
  76:Src/stm32f1xx_hal_msp.c ****   HAL_NVIC_SetPriority(BusFault_IRQn, 0, 0);
  70              		.loc 1 76 0
  71 003c 0022     		movs	r2, #0
  72 003e 1146     		mov	r1, r2
  73 0040 6FF00A00 		mvn	r0, #10
  74 0044 FFF7FEFF 		bl	HAL_NVIC_SetPriority
  75              	.LVL2:
  77:Src/stm32f1xx_hal_msp.c ****   /* UsageFault_IRQn interrupt configuration */
  78:Src/stm32f1xx_hal_msp.c ****   HAL_NVIC_SetPriority(UsageFault_IRQn, 0, 0);
  76              		.loc 1 78 0
  77 0048 0022     		movs	r2, #0
  78 004a 1146     		mov	r1, r2
  79 004c 6FF00900 		mvn	r0, #9
  80 0050 FFF7FEFF 		bl	HAL_NVIC_SetPriority
  81              	.LVL3:
  79:Src/stm32f1xx_hal_msp.c ****   /* SVCall_IRQn interrupt configuration */
  80:Src/stm32f1xx_hal_msp.c ****   HAL_NVIC_SetPriority(SVCall_IRQn, 0, 0);
  82              		.loc 1 80 0
  83 0054 0022     		movs	r2, #0
  84 0056 1146     		mov	r1, r2
  85 0058 6FF00400 		mvn	r0, #4
  86 005c FFF7FEFF 		bl	HAL_NVIC_SetPriority
  87              	.LVL4:
  81:Src/stm32f1xx_hal_msp.c ****   /* DebugMonitor_IRQn interrupt configuration */
  82:Src/stm32f1xx_hal_msp.c ****   HAL_NVIC_SetPriority(DebugMonitor_IRQn, 0, 0);
  88              		.loc 1 82 0
  89 0060 0022     		movs	r2, #0
  90 0062 1146     		mov	r1, r2
ARM GAS  /tmp/ccxeMnhY.s 			page 4


  91 0064 6FF00300 		mvn	r0, #3
  92 0068 FFF7FEFF 		bl	HAL_NVIC_SetPriority
  93              	.LVL5:
  83:Src/stm32f1xx_hal_msp.c ****   /* PendSV_IRQn interrupt configuration */
  84:Src/stm32f1xx_hal_msp.c ****   HAL_NVIC_SetPriority(PendSV_IRQn, 15, 0);
  94              		.loc 1 84 0
  95 006c 0022     		movs	r2, #0
  96 006e 0F21     		movs	r1, #15
  97 0070 6FF00100 		mvn	r0, #1
  98 0074 FFF7FEFF 		bl	HAL_NVIC_SetPriority
  99              	.LVL6:
  85:Src/stm32f1xx_hal_msp.c ****   /* SysTick_IRQn interrupt configuration */
  86:Src/stm32f1xx_hal_msp.c ****   HAL_NVIC_SetPriority(SysTick_IRQn, 15, 0);
 100              		.loc 1 86 0
 101 0078 0022     		movs	r2, #0
 102 007a 0F21     		movs	r1, #15
 103 007c 4FF0FF30 		mov	r0, #-1
 104 0080 FFF7FEFF 		bl	HAL_NVIC_SetPriority
 105              	.LVL7:
 106              	.LBB4:
  87:Src/stm32f1xx_hal_msp.c **** 
  88:Src/stm32f1xx_hal_msp.c ****     /**NOJTAG: JTAG-DP Disabled and SW-DP Enabled 
  89:Src/stm32f1xx_hal_msp.c ****     */
  90:Src/stm32f1xx_hal_msp.c ****   __HAL_AFIO_REMAP_SWJ_NOJTAG();
 107              		.loc 1 90 0
 108 0084 054A     		ldr	r2, .L3+4
 109 0086 5368     		ldr	r3, [r2, #4]
 110              	.LVL8:
 111 0088 23F0E063 		bic	r3, r3, #117440512
 112              	.LVL9:
 113 008c 43F00073 		orr	r3, r3, #33554432
 114              	.LVL10:
 115 0090 5360     		str	r3, [r2, #4]
 116              	.LBE4:
  91:Src/stm32f1xx_hal_msp.c **** 
  92:Src/stm32f1xx_hal_msp.c ****   /* USER CODE BEGIN MspInit 1 */
  93:Src/stm32f1xx_hal_msp.c **** 
  94:Src/stm32f1xx_hal_msp.c ****   /* USER CODE END MspInit 1 */
  95:Src/stm32f1xx_hal_msp.c **** }
 117              		.loc 1 95 0
 118 0092 03B0     		add	sp, sp, #12
 119              	.LCFI2:
 120              		.cfi_def_cfa_offset 4
 121              		@ sp needed
 122 0094 5DF804FB 		ldr	pc, [sp], #4
 123              	.L4:
 124              		.align	2
 125              	.L3:
 126 0098 00100240 		.word	1073876992
 127 009c 00000140 		.word	1073807360
 128              		.cfi_endproc
 129              	.LFE64:
 131              		.section	.text.HAL_UART_MspInit,"ax",%progbits
 132              		.align	2
 133              		.global	HAL_UART_MspInit
 134              		.thumb
 135              		.thumb_func
ARM GAS  /tmp/ccxeMnhY.s 			page 5


 137              	HAL_UART_MspInit:
 138              	.LFB65:
  96:Src/stm32f1xx_hal_msp.c **** 
  97:Src/stm32f1xx_hal_msp.c **** void HAL_UART_MspInit(UART_HandleTypeDef* huart)
  98:Src/stm32f1xx_hal_msp.c **** {
 139              		.loc 1 98 0
 140              		.cfi_startproc
 141              		@ args = 0, pretend = 0, frame = 32
 142              		@ frame_needed = 0, uses_anonymous_args = 0
 143              	.LVL11:
 144 0000 70B5     		push	{r4, r5, r6, lr}
 145              	.LCFI3:
 146              		.cfi_def_cfa_offset 16
 147              		.cfi_offset 4, -16
 148              		.cfi_offset 5, -12
 149              		.cfi_offset 6, -8
 150              		.cfi_offset 14, -4
 151 0002 88B0     		sub	sp, sp, #32
 152              	.LCFI4:
 153              		.cfi_def_cfa_offset 48
  99:Src/stm32f1xx_hal_msp.c **** 
 100:Src/stm32f1xx_hal_msp.c ****   GPIO_InitTypeDef GPIO_InitStruct;
 101:Src/stm32f1xx_hal_msp.c ****   if(huart->Instance==USART1)
 154              		.loc 1 101 0
 155 0004 0368     		ldr	r3, [r0]
 156 0006 414A     		ldr	r2, .L11
 157 0008 9342     		cmp	r3, r2
 158 000a 20D1     		bne	.L6
 159              	.LBB5:
 102:Src/stm32f1xx_hal_msp.c ****   {
 103:Src/stm32f1xx_hal_msp.c ****   /* USER CODE BEGIN USART1_MspInit 0 */
 104:Src/stm32f1xx_hal_msp.c **** 
 105:Src/stm32f1xx_hal_msp.c ****   /* USER CODE END USART1_MspInit 0 */
 106:Src/stm32f1xx_hal_msp.c ****     /* Peripheral clock enable */
 107:Src/stm32f1xx_hal_msp.c ****     __HAL_RCC_USART1_CLK_ENABLE();
 160              		.loc 1 107 0
 161 000c 404B     		ldr	r3, .L11+4
 162 000e 9A69     		ldr	r2, [r3, #24]
 163 0010 42F48042 		orr	r2, r2, #16384
 164 0014 9A61     		str	r2, [r3, #24]
 165 0016 9B69     		ldr	r3, [r3, #24]
 166 0018 03F48043 		and	r3, r3, #16384
 167 001c 0193     		str	r3, [sp, #4]
 168 001e 019B     		ldr	r3, [sp, #4]
 169              	.LBE5:
 108:Src/stm32f1xx_hal_msp.c ****   
 109:Src/stm32f1xx_hal_msp.c ****     /**USART1 GPIO Configuration    
 110:Src/stm32f1xx_hal_msp.c ****     PA9     ------> USART1_TX
 111:Src/stm32f1xx_hal_msp.c ****     PA10     ------> USART1_RX 
 112:Src/stm32f1xx_hal_msp.c ****     */
 113:Src/stm32f1xx_hal_msp.c ****     GPIO_InitStruct.Pin = GPIO_PIN_9;
 170              		.loc 1 113 0
 171 0020 4FF40073 		mov	r3, #512
 172 0024 0493     		str	r3, [sp, #16]
 114:Src/stm32f1xx_hal_msp.c ****     GPIO_InitStruct.Mode = GPIO_MODE_AF_PP;
 173              		.loc 1 114 0
 174 0026 0223     		movs	r3, #2
ARM GAS  /tmp/ccxeMnhY.s 			page 6


 175 0028 0593     		str	r3, [sp, #20]
 115:Src/stm32f1xx_hal_msp.c ****     GPIO_InitStruct.Speed = GPIO_SPEED_FREQ_HIGH;
 176              		.loc 1 115 0
 177 002a 0323     		movs	r3, #3
 178 002c 0793     		str	r3, [sp, #28]
 116:Src/stm32f1xx_hal_msp.c ****     HAL_GPIO_Init(GPIOA, &GPIO_InitStruct);
 179              		.loc 1 116 0
 180 002e 394C     		ldr	r4, .L11+8
 181 0030 04A9     		add	r1, sp, #16
 182 0032 2046     		mov	r0, r4
 183              	.LVL12:
 184 0034 FFF7FEFF 		bl	HAL_GPIO_Init
 185              	.LVL13:
 117:Src/stm32f1xx_hal_msp.c **** 
 118:Src/stm32f1xx_hal_msp.c ****     GPIO_InitStruct.Pin = GPIO_PIN_10;
 186              		.loc 1 118 0
 187 0038 4FF48063 		mov	r3, #1024
 188 003c 0493     		str	r3, [sp, #16]
 119:Src/stm32f1xx_hal_msp.c ****     GPIO_InitStruct.Mode = GPIO_MODE_INPUT;
 189              		.loc 1 119 0
 190 003e 0023     		movs	r3, #0
 191 0040 0593     		str	r3, [sp, #20]
 120:Src/stm32f1xx_hal_msp.c ****     GPIO_InitStruct.Pull = GPIO_NOPULL;
 192              		.loc 1 120 0
 193 0042 0693     		str	r3, [sp, #24]
 121:Src/stm32f1xx_hal_msp.c ****     HAL_GPIO_Init(GPIOA, &GPIO_InitStruct);
 194              		.loc 1 121 0
 195 0044 04A9     		add	r1, sp, #16
 196 0046 2046     		mov	r0, r4
 197 0048 FFF7FEFF 		bl	HAL_GPIO_Init
 198              	.LVL14:
 199 004c 5BE0     		b	.L5
 200              	.LVL15:
 201              	.L6:
 202 004e 0446     		mov	r4, r0
 122:Src/stm32f1xx_hal_msp.c **** 
 123:Src/stm32f1xx_hal_msp.c ****   /* USER CODE BEGIN USART1_MspInit 1 */
 124:Src/stm32f1xx_hal_msp.c **** 
 125:Src/stm32f1xx_hal_msp.c ****   /* USER CODE END USART1_MspInit 1 */
 126:Src/stm32f1xx_hal_msp.c ****   }
 127:Src/stm32f1xx_hal_msp.c ****   else if(huart->Instance==USART2)
 203              		.loc 1 127 0
 204 0050 314A     		ldr	r2, .L11+12
 205 0052 9342     		cmp	r3, r2
 206 0054 34D1     		bne	.L8
 207              	.LBB6:
 128:Src/stm32f1xx_hal_msp.c ****   {
 129:Src/stm32f1xx_hal_msp.c ****   /* USER CODE BEGIN USART2_MspInit 0 */
 130:Src/stm32f1xx_hal_msp.c **** 
 131:Src/stm32f1xx_hal_msp.c ****   /* USER CODE END USART2_MspInit 0 */
 132:Src/stm32f1xx_hal_msp.c ****     /* Peripheral clock enable */
 133:Src/stm32f1xx_hal_msp.c ****     __HAL_RCC_USART2_CLK_ENABLE();
 208              		.loc 1 133 0
 209 0056 2E4B     		ldr	r3, .L11+4
 210 0058 DA69     		ldr	r2, [r3, #28]
 211 005a 42F40032 		orr	r2, r2, #131072
 212 005e DA61     		str	r2, [r3, #28]
ARM GAS  /tmp/ccxeMnhY.s 			page 7


 213 0060 DB69     		ldr	r3, [r3, #28]
 214 0062 03F40033 		and	r3, r3, #131072
 215 0066 0293     		str	r3, [sp, #8]
 216 0068 029B     		ldr	r3, [sp, #8]
 217              	.LBE6:
 134:Src/stm32f1xx_hal_msp.c ****   
 135:Src/stm32f1xx_hal_msp.c ****     /**USART2 GPIO Configuration    
 136:Src/stm32f1xx_hal_msp.c ****     PA2     ------> USART2_TX
 137:Src/stm32f1xx_hal_msp.c ****     PA3     ------> USART2_RX 
 138:Src/stm32f1xx_hal_msp.c ****     */
 139:Src/stm32f1xx_hal_msp.c ****     GPIO_InitStruct.Pin = GPIO_PIN_2;
 218              		.loc 1 139 0
 219 006a 0423     		movs	r3, #4
 220 006c 0493     		str	r3, [sp, #16]
 140:Src/stm32f1xx_hal_msp.c ****     GPIO_InitStruct.Mode = GPIO_MODE_AF_PP;
 221              		.loc 1 140 0
 222 006e 0223     		movs	r3, #2
 223 0070 0593     		str	r3, [sp, #20]
 141:Src/stm32f1xx_hal_msp.c ****     GPIO_InitStruct.Speed = GPIO_SPEED_FREQ_HIGH;
 224              		.loc 1 141 0
 225 0072 0323     		movs	r3, #3
 226 0074 0793     		str	r3, [sp, #28]
 142:Src/stm32f1xx_hal_msp.c ****     HAL_GPIO_Init(GPIOA, &GPIO_InitStruct);
 227              		.loc 1 142 0
 228 0076 274E     		ldr	r6, .L11+8
 229 0078 04A9     		add	r1, sp, #16
 230 007a 3046     		mov	r0, r6
 231              	.LVL16:
 232 007c FFF7FEFF 		bl	HAL_GPIO_Init
 233              	.LVL17:
 143:Src/stm32f1xx_hal_msp.c **** 
 144:Src/stm32f1xx_hal_msp.c ****     GPIO_InitStruct.Pin = GPIO_PIN_3;
 234              		.loc 1 144 0
 235 0080 0823     		movs	r3, #8
 236 0082 0493     		str	r3, [sp, #16]
 145:Src/stm32f1xx_hal_msp.c ****     GPIO_InitStruct.Mode = GPIO_MODE_INPUT;
 237              		.loc 1 145 0
 238 0084 0025     		movs	r5, #0
 239 0086 0595     		str	r5, [sp, #20]
 146:Src/stm32f1xx_hal_msp.c ****     GPIO_InitStruct.Pull = GPIO_NOPULL;
 240              		.loc 1 146 0
 241 0088 0695     		str	r5, [sp, #24]
 147:Src/stm32f1xx_hal_msp.c ****     HAL_GPIO_Init(GPIOA, &GPIO_InitStruct);
 242              		.loc 1 147 0
 243 008a 04A9     		add	r1, sp, #16
 244 008c 3046     		mov	r0, r6
 245 008e FFF7FEFF 		bl	HAL_GPIO_Init
 246              	.LVL18:
 148:Src/stm32f1xx_hal_msp.c **** 
 149:Src/stm32f1xx_hal_msp.c ****     /* USART2 DMA Init */
 150:Src/stm32f1xx_hal_msp.c ****     /* USART2_RX Init */
 151:Src/stm32f1xx_hal_msp.c ****     hdma_usart2_rx.Instance = DMA1_Channel6;
 247              		.loc 1 151 0
 248 0092 2248     		ldr	r0, .L11+16
 249 0094 224B     		ldr	r3, .L11+20
 250 0096 0360     		str	r3, [r0]
 152:Src/stm32f1xx_hal_msp.c ****     hdma_usart2_rx.Init.Direction = DMA_PERIPH_TO_MEMORY;
ARM GAS  /tmp/ccxeMnhY.s 			page 8


 251              		.loc 1 152 0
 252 0098 4560     		str	r5, [r0, #4]
 153:Src/stm32f1xx_hal_msp.c ****     hdma_usart2_rx.Init.PeriphInc = DMA_PINC_DISABLE;
 253              		.loc 1 153 0
 254 009a 8560     		str	r5, [r0, #8]
 154:Src/stm32f1xx_hal_msp.c ****     hdma_usart2_rx.Init.MemInc = DMA_MINC_ENABLE;
 255              		.loc 1 154 0
 256 009c 8023     		movs	r3, #128
 257 009e C360     		str	r3, [r0, #12]
 155:Src/stm32f1xx_hal_msp.c ****     hdma_usart2_rx.Init.PeriphDataAlignment = DMA_PDATAALIGN_BYTE;
 258              		.loc 1 155 0
 259 00a0 0561     		str	r5, [r0, #16]
 156:Src/stm32f1xx_hal_msp.c ****     hdma_usart2_rx.Init.MemDataAlignment = DMA_MDATAALIGN_BYTE;
 260              		.loc 1 156 0
 261 00a2 4561     		str	r5, [r0, #20]
 157:Src/stm32f1xx_hal_msp.c ****     hdma_usart2_rx.Init.Mode = DMA_CIRCULAR;
 262              		.loc 1 157 0
 263 00a4 2023     		movs	r3, #32
 264 00a6 8361     		str	r3, [r0, #24]
 158:Src/stm32f1xx_hal_msp.c ****     hdma_usart2_rx.Init.Priority = DMA_PRIORITY_LOW;
 265              		.loc 1 158 0
 266 00a8 C561     		str	r5, [r0, #28]
 159:Src/stm32f1xx_hal_msp.c ****     if (HAL_DMA_Init(&hdma_usart2_rx) != HAL_OK)
 267              		.loc 1 159 0
 268 00aa FFF7FEFF 		bl	HAL_DMA_Init
 269              	.LVL19:
 270 00ae 18B1     		cbz	r0, .L9
 160:Src/stm32f1xx_hal_msp.c ****     {
 161:Src/stm32f1xx_hal_msp.c ****       _Error_Handler(__FILE__, __LINE__);
 271              		.loc 1 161 0
 272 00b0 A121     		movs	r1, #161
 273 00b2 1C48     		ldr	r0, .L11+24
 274 00b4 FFF7FEFF 		bl	_Error_Handler
 275              	.LVL20:
 276              	.L9:
 162:Src/stm32f1xx_hal_msp.c ****     }
 163:Src/stm32f1xx_hal_msp.c **** 
 164:Src/stm32f1xx_hal_msp.c ****     __HAL_LINKDMA(huart,hdmarx,hdma_usart2_rx);
 277              		.loc 1 164 0
 278 00b8 184B     		ldr	r3, .L11+16
 279 00ba 6363     		str	r3, [r4, #52]
 280 00bc 5C62     		str	r4, [r3, #36]
 281 00be 22E0     		b	.L5
 282              	.LVL21:
 283              	.L8:
 165:Src/stm32f1xx_hal_msp.c **** 
 166:Src/stm32f1xx_hal_msp.c ****   /* USER CODE BEGIN USART2_MspInit 1 */
 167:Src/stm32f1xx_hal_msp.c **** 
 168:Src/stm32f1xx_hal_msp.c ****   /* USER CODE END USART2_MspInit 1 */
 169:Src/stm32f1xx_hal_msp.c ****   }
 170:Src/stm32f1xx_hal_msp.c ****   else if(huart->Instance==USART3)
 284              		.loc 1 170 0
 285 00c0 194A     		ldr	r2, .L11+28
 286 00c2 9342     		cmp	r3, r2
 287 00c4 1FD1     		bne	.L5
 288              	.LBB7:
 171:Src/stm32f1xx_hal_msp.c ****   {
ARM GAS  /tmp/ccxeMnhY.s 			page 9


 172:Src/stm32f1xx_hal_msp.c ****   /* USER CODE BEGIN USART3_MspInit 0 */
 173:Src/stm32f1xx_hal_msp.c **** 
 174:Src/stm32f1xx_hal_msp.c ****   /* USER CODE END USART3_MspInit 0 */
 175:Src/stm32f1xx_hal_msp.c ****     /* Peripheral clock enable */
 176:Src/stm32f1xx_hal_msp.c ****     __HAL_RCC_USART3_CLK_ENABLE();
 289              		.loc 1 176 0
 290 00c6 124B     		ldr	r3, .L11+4
 291 00c8 DA69     		ldr	r2, [r3, #28]
 292 00ca 42F48022 		orr	r2, r2, #262144
 293 00ce DA61     		str	r2, [r3, #28]
 294 00d0 DB69     		ldr	r3, [r3, #28]
 295 00d2 03F48023 		and	r3, r3, #262144
 296 00d6 0393     		str	r3, [sp, #12]
 297 00d8 039B     		ldr	r3, [sp, #12]
 298              	.LBE7:
 177:Src/stm32f1xx_hal_msp.c ****   
 178:Src/stm32f1xx_hal_msp.c ****     /**USART3 GPIO Configuration    
 179:Src/stm32f1xx_hal_msp.c ****     PB10     ------> USART3_TX
 180:Src/stm32f1xx_hal_msp.c ****     PB11     ------> USART3_RX 
 181:Src/stm32f1xx_hal_msp.c ****     */
 182:Src/stm32f1xx_hal_msp.c ****     GPIO_InitStruct.Pin = GPIO_PIN_10;
 299              		.loc 1 182 0
 300 00da 4FF48063 		mov	r3, #1024
 301 00de 0493     		str	r3, [sp, #16]
 183:Src/stm32f1xx_hal_msp.c ****     GPIO_InitStruct.Mode = GPIO_MODE_AF_PP;
 302              		.loc 1 183 0
 303 00e0 0223     		movs	r3, #2
 304 00e2 0593     		str	r3, [sp, #20]
 184:Src/stm32f1xx_hal_msp.c ****     GPIO_InitStruct.Speed = GPIO_SPEED_FREQ_HIGH;
 305              		.loc 1 184 0
 306 00e4 0323     		movs	r3, #3
 307 00e6 0793     		str	r3, [sp, #28]
 185:Src/stm32f1xx_hal_msp.c ****     HAL_GPIO_Init(GPIOB, &GPIO_InitStruct);
 308              		.loc 1 185 0
 309 00e8 104C     		ldr	r4, .L11+32
 310 00ea 04A9     		add	r1, sp, #16
 311 00ec 2046     		mov	r0, r4
 312              	.LVL22:
 313 00ee FFF7FEFF 		bl	HAL_GPIO_Init
 314              	.LVL23:
 186:Src/stm32f1xx_hal_msp.c **** 
 187:Src/stm32f1xx_hal_msp.c ****     GPIO_InitStruct.Pin = GPIO_PIN_11;
 315              		.loc 1 187 0
 316 00f2 4FF40063 		mov	r3, #2048
 317 00f6 0493     		str	r3, [sp, #16]
 188:Src/stm32f1xx_hal_msp.c ****     GPIO_InitStruct.Mode = GPIO_MODE_INPUT;
 318              		.loc 1 188 0
 319 00f8 0023     		movs	r3, #0
 320 00fa 0593     		str	r3, [sp, #20]
 189:Src/stm32f1xx_hal_msp.c ****     GPIO_InitStruct.Pull = GPIO_NOPULL;
 321              		.loc 1 189 0
 322 00fc 0693     		str	r3, [sp, #24]
 190:Src/stm32f1xx_hal_msp.c ****     HAL_GPIO_Init(GPIOB, &GPIO_InitStruct);
 323              		.loc 1 190 0
 324 00fe 04A9     		add	r1, sp, #16
 325 0100 2046     		mov	r0, r4
 326 0102 FFF7FEFF 		bl	HAL_GPIO_Init
ARM GAS  /tmp/ccxeMnhY.s 			page 10


 327              	.LVL24:
 328              	.L5:
 191:Src/stm32f1xx_hal_msp.c **** 
 192:Src/stm32f1xx_hal_msp.c ****   /* USER CODE BEGIN USART3_MspInit 1 */
 193:Src/stm32f1xx_hal_msp.c **** 
 194:Src/stm32f1xx_hal_msp.c ****   /* USER CODE END USART3_MspInit 1 */
 195:Src/stm32f1xx_hal_msp.c ****   }
 196:Src/stm32f1xx_hal_msp.c **** 
 197:Src/stm32f1xx_hal_msp.c **** }
 329              		.loc 1 197 0
 330 0106 08B0     		add	sp, sp, #32
 331              	.LCFI5:
 332              		.cfi_def_cfa_offset 16
 333              		@ sp needed
 334 0108 70BD     		pop	{r4, r5, r6, pc}
 335              	.L12:
 336 010a 00BF     		.align	2
 337              	.L11:
 338 010c 00380140 		.word	1073821696
 339 0110 00100240 		.word	1073876992
 340 0114 00080140 		.word	1073809408
 341 0118 00440040 		.word	1073759232
 342 011c 00000000 		.word	hdma_usart2_rx
 343 0120 6C000240 		.word	1073873004
 344 0124 00000000 		.word	.LC0
 345 0128 00480040 		.word	1073760256
 346 012c 000C0140 		.word	1073810432
 347              		.cfi_endproc
 348              	.LFE65:
 350              		.section	.text.HAL_UART_MspDeInit,"ax",%progbits
 351              		.align	2
 352              		.global	HAL_UART_MspDeInit
 353              		.thumb
 354              		.thumb_func
 356              	HAL_UART_MspDeInit:
 357              	.LFB66:
 198:Src/stm32f1xx_hal_msp.c **** 
 199:Src/stm32f1xx_hal_msp.c **** void HAL_UART_MspDeInit(UART_HandleTypeDef* huart)
 200:Src/stm32f1xx_hal_msp.c **** {
 358              		.loc 1 200 0
 359              		.cfi_startproc
 360              		@ args = 0, pretend = 0, frame = 0
 361              		@ frame_needed = 0, uses_anonymous_args = 0
 362              	.LVL25:
 363 0000 10B5     		push	{r4, lr}
 364              	.LCFI6:
 365              		.cfi_def_cfa_offset 8
 366              		.cfi_offset 4, -8
 367              		.cfi_offset 14, -4
 201:Src/stm32f1xx_hal_msp.c **** 
 202:Src/stm32f1xx_hal_msp.c ****   if(huart->Instance==USART1)
 368              		.loc 1 202 0
 369 0002 0368     		ldr	r3, [r0]
 370 0004 1C4A     		ldr	r2, .L18
 371 0006 9342     		cmp	r3, r2
 372 0008 0ED1     		bne	.L14
 203:Src/stm32f1xx_hal_msp.c ****   {
ARM GAS  /tmp/ccxeMnhY.s 			page 11


 204:Src/stm32f1xx_hal_msp.c ****   /* USER CODE BEGIN USART1_MspDeInit 0 */
 205:Src/stm32f1xx_hal_msp.c **** 
 206:Src/stm32f1xx_hal_msp.c ****   /* USER CODE END USART1_MspDeInit 0 */
 207:Src/stm32f1xx_hal_msp.c ****     /* Peripheral clock disable */
 208:Src/stm32f1xx_hal_msp.c ****     __HAL_RCC_USART1_CLK_DISABLE();
 373              		.loc 1 208 0
 374 000a 02F55842 		add	r2, r2, #55296
 375 000e 9369     		ldr	r3, [r2, #24]
 376 0010 23F48043 		bic	r3, r3, #16384
 377 0014 9361     		str	r3, [r2, #24]
 209:Src/stm32f1xx_hal_msp.c ****   
 210:Src/stm32f1xx_hal_msp.c ****     /**USART1 GPIO Configuration    
 211:Src/stm32f1xx_hal_msp.c ****     PA9     ------> USART1_TX
 212:Src/stm32f1xx_hal_msp.c ****     PA10     ------> USART1_RX 
 213:Src/stm32f1xx_hal_msp.c ****     */
 214:Src/stm32f1xx_hal_msp.c ****     HAL_GPIO_DeInit(GPIOA, GPIO_PIN_9|GPIO_PIN_10);
 378              		.loc 1 214 0
 379 0016 4FF4C061 		mov	r1, #1536
 380 001a 1848     		ldr	r0, .L18+4
 381              	.LVL26:
 382 001c FFF7FEFF 		bl	HAL_GPIO_DeInit
 383              	.LVL27:
 215:Src/stm32f1xx_hal_msp.c **** 
 216:Src/stm32f1xx_hal_msp.c ****     /* USART1 interrupt DeInit */
 217:Src/stm32f1xx_hal_msp.c ****     HAL_NVIC_DisableIRQ(USART1_IRQn);
 384              		.loc 1 217 0
 385 0020 2520     		movs	r0, #37
 386 0022 FFF7FEFF 		bl	HAL_NVIC_DisableIRQ
 387              	.LVL28:
 388 0026 10BD     		pop	{r4, pc}
 389              	.LVL29:
 390              	.L14:
 391 0028 0446     		mov	r4, r0
 218:Src/stm32f1xx_hal_msp.c ****   /* USER CODE BEGIN USART1_MspDeInit 1 */
 219:Src/stm32f1xx_hal_msp.c **** 
 220:Src/stm32f1xx_hal_msp.c ****   /* USER CODE END USART1_MspDeInit 1 */
 221:Src/stm32f1xx_hal_msp.c ****   }
 222:Src/stm32f1xx_hal_msp.c ****   else if(huart->Instance==USART2)
 392              		.loc 1 222 0
 393 002a 154A     		ldr	r2, .L18+8
 394 002c 9342     		cmp	r3, r2
 395 002e 10D1     		bne	.L16
 223:Src/stm32f1xx_hal_msp.c ****   {
 224:Src/stm32f1xx_hal_msp.c ****   /* USER CODE BEGIN USART2_MspDeInit 0 */
 225:Src/stm32f1xx_hal_msp.c **** 
 226:Src/stm32f1xx_hal_msp.c ****   /* USER CODE END USART2_MspDeInit 0 */
 227:Src/stm32f1xx_hal_msp.c ****     /* Peripheral clock disable */
 228:Src/stm32f1xx_hal_msp.c ****     __HAL_RCC_USART2_CLK_DISABLE();
 396              		.loc 1 228 0
 397 0030 02F5E632 		add	r2, r2, #117760
 398 0034 D369     		ldr	r3, [r2, #28]
 399 0036 23F40033 		bic	r3, r3, #131072
 400 003a D361     		str	r3, [r2, #28]
 229:Src/stm32f1xx_hal_msp.c ****   
 230:Src/stm32f1xx_hal_msp.c ****     /**USART2 GPIO Configuration    
 231:Src/stm32f1xx_hal_msp.c ****     PA2     ------> USART2_TX
 232:Src/stm32f1xx_hal_msp.c ****     PA3     ------> USART2_RX 
ARM GAS  /tmp/ccxeMnhY.s 			page 12


 233:Src/stm32f1xx_hal_msp.c ****     */
 234:Src/stm32f1xx_hal_msp.c ****     HAL_GPIO_DeInit(GPIOA, GPIO_PIN_2|GPIO_PIN_3);
 401              		.loc 1 234 0
 402 003c 0C21     		movs	r1, #12
 403 003e 0F48     		ldr	r0, .L18+4
 404              	.LVL30:
 405 0040 FFF7FEFF 		bl	HAL_GPIO_DeInit
 406              	.LVL31:
 235:Src/stm32f1xx_hal_msp.c **** 
 236:Src/stm32f1xx_hal_msp.c ****     /* USART2 DMA DeInit */
 237:Src/stm32f1xx_hal_msp.c ****     HAL_DMA_DeInit(huart->hdmarx);
 407              		.loc 1 237 0
 408 0044 606B     		ldr	r0, [r4, #52]
 409 0046 FFF7FEFF 		bl	HAL_DMA_DeInit
 410              	.LVL32:
 238:Src/stm32f1xx_hal_msp.c **** 
 239:Src/stm32f1xx_hal_msp.c ****     /* USART2 interrupt DeInit */
 240:Src/stm32f1xx_hal_msp.c ****     HAL_NVIC_DisableIRQ(USART2_IRQn);
 411              		.loc 1 240 0
 412 004a 2620     		movs	r0, #38
 413 004c FFF7FEFF 		bl	HAL_NVIC_DisableIRQ
 414              	.LVL33:
 415 0050 10BD     		pop	{r4, pc}
 416              	.LVL34:
 417              	.L16:
 241:Src/stm32f1xx_hal_msp.c ****   /* USER CODE BEGIN USART2_MspDeInit 1 */
 242:Src/stm32f1xx_hal_msp.c **** 
 243:Src/stm32f1xx_hal_msp.c ****   /* USER CODE END USART2_MspDeInit 1 */
 244:Src/stm32f1xx_hal_msp.c ****   }
 245:Src/stm32f1xx_hal_msp.c ****   else if(huart->Instance==USART3)
 418              		.loc 1 245 0
 419 0052 0C4A     		ldr	r2, .L18+12
 420 0054 9342     		cmp	r3, r2
 421 0056 0DD1     		bne	.L13
 246:Src/stm32f1xx_hal_msp.c ****   {
 247:Src/stm32f1xx_hal_msp.c ****   /* USER CODE BEGIN USART3_MspDeInit 0 */
 248:Src/stm32f1xx_hal_msp.c **** 
 249:Src/stm32f1xx_hal_msp.c ****   /* USER CODE END USART3_MspDeInit 0 */
 250:Src/stm32f1xx_hal_msp.c ****     /* Peripheral clock disable */
 251:Src/stm32f1xx_hal_msp.c ****     __HAL_RCC_USART3_CLK_DISABLE();
 422              		.loc 1 251 0
 423 0058 02F5E432 		add	r2, r2, #116736
 424 005c D369     		ldr	r3, [r2, #28]
 425 005e 23F48023 		bic	r3, r3, #262144
 426 0062 D361     		str	r3, [r2, #28]
 252:Src/stm32f1xx_hal_msp.c ****   
 253:Src/stm32f1xx_hal_msp.c ****     /**USART3 GPIO Configuration    
 254:Src/stm32f1xx_hal_msp.c ****     PB10     ------> USART3_TX
 255:Src/stm32f1xx_hal_msp.c ****     PB11     ------> USART3_RX 
 256:Src/stm32f1xx_hal_msp.c ****     */
 257:Src/stm32f1xx_hal_msp.c ****     HAL_GPIO_DeInit(GPIOB, GPIO_PIN_10|GPIO_PIN_11);
 427              		.loc 1 257 0
 428 0064 4FF44061 		mov	r1, #3072
 429 0068 0748     		ldr	r0, .L18+16
 430              	.LVL35:
 431 006a FFF7FEFF 		bl	HAL_GPIO_DeInit
 432              	.LVL36:
ARM GAS  /tmp/ccxeMnhY.s 			page 13


 258:Src/stm32f1xx_hal_msp.c **** 
 259:Src/stm32f1xx_hal_msp.c ****     /* USART3 interrupt DeInit */
 260:Src/stm32f1xx_hal_msp.c ****     HAL_NVIC_DisableIRQ(USART3_IRQn);
 433              		.loc 1 260 0
 434 006e 2720     		movs	r0, #39
 435 0070 FFF7FEFF 		bl	HAL_NVIC_DisableIRQ
 436              	.LVL37:
 437              	.L13:
 438 0074 10BD     		pop	{r4, pc}
 439              	.LVL38:
 440              	.L19:
 441 0076 00BF     		.align	2
 442              	.L18:
 443 0078 00380140 		.word	1073821696
 444 007c 00080140 		.word	1073809408
 445 0080 00440040 		.word	1073759232
 446 0084 00480040 		.word	1073760256
 447 0088 000C0140 		.word	1073810432
 448              		.cfi_endproc
 449              	.LFE66:
 451              		.section	.rodata.str1.4,"aMS",%progbits,1
 452              		.align	2
 453              	.LC0:
 454 0000 5372632F 		.ascii	"Src/stm32f1xx_hal_msp.c\000"
 454      73746D33 
 454      32663178 
 454      785F6861 
 454      6C5F6D73 
 455              		.text
 456              	.Letext0:
 457              		.file 2 "/home/user/Library/gcc-arm-none-eabi-5_4-2016q3/arm-none-eabi/include/machine/_default_ty
 458              		.file 3 "/home/user/Library/gcc-arm-none-eabi-5_4-2016q3/arm-none-eabi/include/sys/_stdint.h"
 459              		.file 4 "Drivers/CMSIS/Device/ST/STM32F1xx/Include/stm32f103xe.h"
 460              		.file 5 "Drivers/STM32F1xx_HAL_Driver/Inc/stm32f1xx_hal_def.h"
 461              		.file 6 "Drivers/STM32F1xx_HAL_Driver/Inc/stm32f1xx_hal_gpio.h"
 462              		.file 7 "Drivers/STM32F1xx_HAL_Driver/Inc/stm32f1xx_hal_dma.h"
 463              		.file 8 "Drivers/STM32F1xx_HAL_Driver/Inc/stm32f1xx_hal_uart.h"
 464              		.file 9 "Drivers/CMSIS/Include/core_cm3.h"
 465              		.file 10 "Drivers/STM32F1xx_HAL_Driver/Inc/stm32f1xx_hal_cortex.h"
ARM GAS  /tmp/ccxeMnhY.s 			page 14


DEFINED SYMBOLS
                            *ABS*:00000000 stm32f1xx_hal_msp.c
     /tmp/ccxeMnhY.s:20     .text.HAL_MspInit:00000000 $t
     /tmp/ccxeMnhY.s:25     .text.HAL_MspInit:00000000 HAL_MspInit
     /tmp/ccxeMnhY.s:126    .text.HAL_MspInit:00000098 $d
     /tmp/ccxeMnhY.s:132    .text.HAL_UART_MspInit:00000000 $t
     /tmp/ccxeMnhY.s:137    .text.HAL_UART_MspInit:00000000 HAL_UART_MspInit
     /tmp/ccxeMnhY.s:338    .text.HAL_UART_MspInit:0000010c $d
     /tmp/ccxeMnhY.s:351    .text.HAL_UART_MspDeInit:00000000 $t
     /tmp/ccxeMnhY.s:356    .text.HAL_UART_MspDeInit:00000000 HAL_UART_MspDeInit
     /tmp/ccxeMnhY.s:443    .text.HAL_UART_MspDeInit:00000078 $d
     /tmp/ccxeMnhY.s:452    .rodata.str1.4:00000000 $d
                     .debug_frame:00000010 $d

UNDEFINED SYMBOLS
HAL_NVIC_SetPriorityGrouping
HAL_NVIC_SetPriority
HAL_GPIO_Init
HAL_DMA_Init
_Error_Handler
hdma_usart2_rx
HAL_GPIO_DeInit
HAL_NVIC_DisableIRQ
HAL_DMA_DeInit
